Using pre-set license
Built from '2020.3/staging' branch; Version is '2020.3.14f1 (d0d1bb862f9d) revision 13685179'; Using compiler version '192528614'; Build Type 'Release'
OS: 'Windows 10 Education; OS build 19042.1288; Version 2009; 64bit' Language: 'ca' Physical Memory: 8085 MB
BatchMode: 1, IsHumanControllingUs: 0, StartBugReporterOnCrash: 0, Is64bit: 1, IsPro: 0

 COMMAND LINE ARGUMENTS:
C:\Program Files\Unity\Hub\Editor\2020.3.14f1\Editor\Unity.exe
-adb2
-batchMode
-noUpm
-name
AssetImportWorker1
-projectPath
C:/Users/al394516/Documents/GitHub/Una-semana-solitaria
-logFile
Logs/AssetImportWorker1.log
-srvPort
55000
Successfully changed project path to: C:/Users/al394516/Documents/GitHub/Una-semana-solitaria
C:/Users/al394516/Documents/GitHub/Una-semana-solitaria
Using Asset Import Pipeline V2.
Unable to join player connection multicast group.

Unable to join player connection alternative multicast group.

Refreshing native plugins compatible for Editor in 26.35 ms, found 2 plugins.
Preloading 0 native plugins for Editor in 0.00 ms.
Initialize engine version: 2020.3.14f1 (d0d1bb862f9d)
[Subsystems] Discovering subsystems at path C:/Program Files/Unity/Hub/Editor/2020.3.14f1/Editor/Data/Resources/UnitySubsystems
[Subsystems] Discovering subsystems at path C:/Users/al394516/Documents/GitHub/Una-semana-solitaria/Assets
GfxDevice: creating device client; threaded=0
Direct3D:
    Version:  Direct3D 11.0 [level 11.1]
    Renderer: Intel(R) UHD Graphics 630 (ID=0x3e91)
    Vendor:   
    VRAM:     4042 MB
    Driver:   26.20.100.7871
Initialize mono
Mono path[0] = 'C:/Program Files/Unity/Hub/Editor/2020.3.14f1/Editor/Data/Managed'
Mono path[1] = 'C:/Program Files/Unity/Hub/Editor/2020.3.14f1/Editor/Data/MonoBleedingEdge/lib/mono/unityjit'
Mono config path = 'C:/Program Files/Unity/Hub/Editor/2020.3.14f1/Editor/Data/MonoBleedingEdge/etc'
Using monoOptions --debugger-agent=transport=dt_socket,embedding=1,server=y,suspend=n,address=127.0.0.1:56932
Begin MonoManager ReloadAssembly
Registering precompiled unity dll's ...
Register platform support module: C:/Program Files/Unity/Hub/Editor/2020.3.14f1/Editor/Data/PlaybackEngines/WebGLSupport/UnityEditor.WebGL.Extensions.dll
Register platform support module: C:/Program Files/Unity/Hub/Editor/2020.3.14f1/Editor/Data/PlaybackEngines/WindowsStandaloneSupport/UnityEditor.WindowsStandalone.Extensions.dll
Registered in 0.002106 seconds.
Native extension for WindowsStandalone target not found
Native extension for WebGL target not found
Refreshing native plugins compatible for Editor in 22.40 ms, found 2 plugins.
Preloading 0 native plugins for Editor in 0.00 ms.
Mono: successfully reloaded assembly
- Completed reload, in  2.336 seconds
Domain Reload Profiling:
	ReloadAssembly (2336ms)
		BeginReloadAssembly (50ms)
			ExecutionOrderSort (0ms)
			DisableScriptedObjects (0ms)
			BackupInstance (0ms)
			ReleaseScriptingObjects (0ms)
			CreateAndSetChildDomain (1ms)
		EndReloadAssembly (389ms)
			LoadAssemblies (49ms)
			RebuildTransferFunctionScriptingTraits (0ms)
			SetupTypeCache (153ms)
			ReleaseScriptCaches (0ms)
			RebuildScriptCaches (29ms)
			SetupLoadedEditorAssemblies (135ms)
				LogAssemblyErrors (0ms)
				InitializePlatformSupportModulesInManaged (5ms)
				SetLoadedEditorAssemblies (0ms)
				RefreshPlugins (22ms)
				BeforeProcessingInitializeOnLoad (6ms)
				ProcessInitializeOnLoadAttributes (76ms)
				ProcessInitializeOnLoadMethodAttributes (26ms)
				AfterProcessingInitializeOnLoad (0ms)
				EditorAssembliesLoaded (0ms)
			ExecutionOrderSort2 (0ms)
			AwakeInstancesAfterBackupRestoration (0ms)
Platform modules already initialized, skipping
Registering precompiled user dll's ...
Registered in 0.003292 seconds.
Begin MonoManager ReloadAssembly
Native extension for WindowsStandalone target not found
Native extension for WebGL target not found
Refreshing native plugins compatible for Editor in 0.27 ms, found 2 plugins.
Preloading 0 native plugins for Editor in 0.00 ms.
Mono: successfully reloaded assembly
- Completed reload, in  0.845 seconds
Domain Reload Profiling:
	ReloadAssembly (846ms)
		BeginReloadAssembly (125ms)
			ExecutionOrderSort (0ms)
			DisableScriptedObjects (4ms)
			BackupInstance (0ms)
			ReleaseScriptingObjects (0ms)
			CreateAndSetChildDomain (16ms)
		EndReloadAssembly (668ms)
			LoadAssemblies (73ms)
			RebuildTransferFunctionScriptingTraits (0ms)
			SetupTypeCache (234ms)
			ReleaseScriptCaches (0ms)
			RebuildScriptCaches (35ms)
			SetupLoadedEditorAssemblies (249ms)
				LogAssemblyErrors (0ms)
				InitializePlatformSupportModulesInManaged (5ms)
				SetLoadedEditorAssemblies (0ms)
				RefreshPlugins (0ms)
				BeforeProcessingInitializeOnLoad (44ms)
				ProcessInitializeOnLoadAttributes (191ms)
				ProcessInitializeOnLoadMethodAttributes (4ms)
				AfterProcessingInitializeOnLoad (5ms)
				EditorAssembliesLoaded (0ms)
			ExecutionOrderSort2 (0ms)
			AwakeInstancesAfterBackupRestoration (5ms)
Platform modules already initialized, skipping
========================================================================
Worker process is ready to serve import requests
Launched and connected shader compiler UnityShaderCompiler.exe after 0.05 seconds
Refreshing native plugins compatible for Editor in 0.27 ms, found 2 plugins.
Preloading 0 native plugins for Editor in 0.00 ms.
Unloading 1394 Unused Serialized files (Serialized files now loaded: 0)
System memory in use before: 65.0 MB.
System memory in use after: 65.1 MB.

Unloading 18 unused Assets to reduce memory usage. Loaded Objects now: 1829.
Total: 1.795000 ms (FindLiveObjects: 0.122400 ms CreateObjectMapping: 0.037500 ms MarkObjects: 1.543600 ms  DeleteObjects: 0.090800 ms)

AssetImportParameters requested are different than current active one (requested -> active):
  custom:framework-win-MediaFoundation: 216162199b28c13a410421893ffa2e32 -> 
  custom:video-decoder-ogg-theora: a1e56fd34408186e4bbccfd4996cb3dc -> 
  custom:container-muxer-webm: aa71ff27fc2769a1b78a27578f13a17b -> 
  custom:container-demuxer-webm: 4f35f7cbe854078d1ac9338744f61a02 -> 
  custom:container-demuxer-ogg: 62fdf1f143b41e24485cea50d1cbac27 -> 
  custom:video-encoder-webm-vp8: eb34c28f22e8b96e1ab97ce403110664 -> 
  custom:video-decoder-webm-vp8: 9c59270c3fd7afecdb556c50c9e8de78 -> 
  custom:audio-decoder-ogg-vorbis: bf7c407c2cedff20999df2af8eb42d56 -> 
  custom:audio-encoder-webm-vorbis: bf7c407c2cedff20999df2af8eb42d56 -> 
========================================================================
Received Import Request.
  path: Assets/Scripts/MinijuegoPuzzle/TipoTuberia.cs
  artifactKey: Guid(fb3351f11b76d00458cf13d751a25710) Importer(815301076,1909f56bfc062723c751e8b465ee728b)
Start importing Assets/Scripts/MinijuegoPuzzle/TipoTuberia.cs using Guid(fb3351f11b76d00458cf13d751a25710) Importer(815301076,1909f56bfc062723c751e8b465ee728b)  -> (artifact id: '7767ef171c10f0ec852018ab0698707f') in 0.016613 seconds 
  Import took 0.018613 seconds .

========================================================================
Received Import Request.
  Time since last request: 33.393640 seconds.
  path: Assets/Scripts/MinijuegoPuzzle/EnumTuberias.cs
  artifactKey: Guid(65f2dc829b3560c48a87ef13dd70c198) Importer(815301076,1909f56bfc062723c751e8b465ee728b)
Start importing Assets/Scripts/MinijuegoPuzzle/EnumTuberias.cs using Guid(65f2dc829b3560c48a87ef13dd70c198) Importer(815301076,1909f56bfc062723c751e8b465ee728b)  -> (artifact id: 'd9ff6cfec5fb42e08c9a9f685f7748ca') in 0.007216 seconds 
  Import took 0.009956 seconds .

========================================================================
Received Prepare
Registering precompiled user dll's ...
Registered in 0.003503 seconds.
Begin MonoManager ReloadAssembly
Native extension for WindowsStandalone target not found
Native extension for WebGL target not found
Refreshing native plugins compatible for Editor in 0.33 ms, found 2 plugins.
Preloading 0 native plugins for Editor in 0.00 ms.
Mono: successfully reloaded assembly
- Completed reload, in  0.864 seconds
Domain Reload Profiling:
	ReloadAssembly (864ms)
		BeginReloadAssembly (94ms)
			ExecutionOrderSort (0ms)
			DisableScriptedObjects (4ms)
			BackupInstance (0ms)
			ReleaseScriptingObjects (0ms)
			CreateAndSetChildDomain (26ms)
		EndReloadAssembly (717ms)
			LoadAssemblies (72ms)
			RebuildTransferFunctionScriptingTraits (0ms)
			SetupTypeCache (253ms)
			ReleaseScriptCaches (1ms)
			RebuildScriptCaches (39ms)
			SetupLoadedEditorAssemblies (257ms)
				LogAssemblyErrors (0ms)
				InitializePlatformSupportModulesInManaged (6ms)
				SetLoadedEditorAssemblies (0ms)
				RefreshPlugins (0ms)
				BeforeProcessingInitializeOnLoad (43ms)
				ProcessInitializeOnLoadAttributes (199ms)
				ProcessInitializeOnLoadMethodAttributes (3ms)
				AfterProcessingInitializeOnLoad (6ms)
				EditorAssembliesLoaded (0ms)
			ExecutionOrderSort2 (0ms)
			AwakeInstancesAfterBackupRestoration (6ms)
Platform modules already initialized, skipping
Refreshing native plugins compatible for Editor in 0.27 ms, found 2 plugins.
Preloading 0 native plugins for Editor in 0.00 ms.
Unloading 1388 Unused Serialized files (Serialized files now loaded: 0)
System memory in use before: 64.8 MB.
System memory in use after: 64.9 MB.

Unloading 13 unused Assets to reduce memory usage. Loaded Objects now: 1832.
Total: 1.783200 ms (FindLiveObjects: 0.138000 ms CreateObjectMapping: 0.042900 ms MarkObjects: 1.564300 ms  DeleteObjects: 0.037100 ms)

AssetImportParameters requested are different than current active one (requested -> active):
  custom:framework-win-MediaFoundation: 216162199b28c13a410421893ffa2e32 -> 
  custom:video-decoder-ogg-theora: a1e56fd34408186e4bbccfd4996cb3dc -> 
  custom:container-muxer-webm: aa71ff27fc2769a1b78a27578f13a17b -> 
  custom:container-demuxer-webm: 4f35f7cbe854078d1ac9338744f61a02 -> 
  custom:container-demuxer-ogg: 62fdf1f143b41e24485cea50d1cbac27 -> 
  custom:video-encoder-webm-vp8: eb34c28f22e8b96e1ab97ce403110664 -> 
  custom:video-decoder-webm-vp8: 9c59270c3fd7afecdb556c50c9e8de78 -> 
  custom:audio-decoder-ogg-vorbis: bf7c407c2cedff20999df2af8eb42d56 -> 
  custom:audio-encoder-webm-vorbis: bf7c407c2cedff20999df2af8eb42d56 -> 
========================================================================
Received Import Request.
  Time since last request: 723.053188 seconds.
  path: Assets/Scripts/MinijuegoPuzzle/EnumTuberias.cs
  artifactKey: Guid(65f2dc829b3560c48a87ef13dd70c198) Importer(815301076,1909f56bfc062723c751e8b465ee728b)
Start importing Assets/Scripts/MinijuegoPuzzle/EnumTuberias.cs using Guid(65f2dc829b3560c48a87ef13dd70c198) Importer(815301076,1909f56bfc062723c751e8b465ee728b)  -> (artifact id: '04f2710d4dbf7793b694a4b0bb092b1c') in 0.016043 seconds 
  Import took 0.019772 seconds .

========================================================================
Received Import Request.
  Time since last request: 82.394987 seconds.
  path: Assets/Scripts/MinijuegoPuzzle/EnumTuberias.cs
  artifactKey: Guid(65f2dc829b3560c48a87ef13dd70c198) Importer(815301076,1909f56bfc062723c751e8b465ee728b)
Start importing Assets/Scripts/MinijuegoPuzzle/EnumTuberias.cs using Guid(65f2dc829b3560c48a87ef13dd70c198) Importer(815301076,1909f56bfc062723c751e8b465ee728b)  -> (artifact id: 'fb6099daf64cab8ef47b433e2435fb28') in 0.003924 seconds 
  Import took 0.008773 seconds .

========================================================================
Received Prepare
Registering precompiled user dll's ...
Registered in 0.003259 seconds.
Begin MonoManager ReloadAssembly
Native extension for WindowsStandalone target not found
Native extension for WebGL target not found
Refreshing native plugins compatible for Editor in 0.45 ms, found 2 plugins.
Preloading 0 native plugins for Editor in 0.00 ms.
Mono: successfully reloaded assembly
- Completed reload, in  0.907 seconds
Domain Reload Profiling:
	ReloadAssembly (908ms)
		BeginReloadAssembly (91ms)
			ExecutionOrderSort (0ms)
			DisableScriptedObjects (4ms)
			BackupInstance (0ms)
			ReleaseScriptingObjects (0ms)
			CreateAndSetChildDomain (26ms)
		EndReloadAssembly (764ms)
			LoadAssemblies (81ms)
			RebuildTransferFunctionScriptingTraits (0ms)
			SetupTypeCache (261ms)
			ReleaseScriptCaches (1ms)
			RebuildScriptCaches (36ms)
			SetupLoadedEditorAssemblies (287ms)
				LogAssemblyErrors (0ms)
				InitializePlatformSupportModulesInManaged (6ms)
				SetLoadedEditorAssemblies (1ms)
				RefreshPlugins (1ms)
				BeforeProcessingInitializeOnLoad (52ms)
				ProcessInitializeOnLoadAttributes (220ms)
				ProcessInitializeOnLoadMethodAttributes (3ms)
				AfterProcessingInitializeOnLoad (5ms)
				EditorAssembliesLoaded (0ms)
			ExecutionOrderSort2 (0ms)
			AwakeInstancesAfterBackupRestoration (6ms)
Platform modules already initialized, skipping
Refreshing native plugins compatible for Editor in 0.28 ms, found 2 plugins.
Preloading 0 native plugins for Editor in 0.00 ms.
Unloading 1388 Unused Serialized files (Serialized files now loaded: 0)
System memory in use before: 64.9 MB.
System memory in use after: 65.0 MB.

Unloading 13 unused Assets to reduce memory usage. Loaded Objects now: 1835.
Total: 1.827000 ms (FindLiveObjects: 0.129700 ms CreateObjectMapping: 0.040000 ms MarkObjects: 1.614900 ms  DeleteObjects: 0.041100 ms)

AssetImportParameters requested are different than current active one (requested -> active):
  custom:framework-win-MediaFoundation: 216162199b28c13a410421893ffa2e32 -> 
  custom:video-decoder-ogg-theora: a1e56fd34408186e4bbccfd4996cb3dc -> 
  custom:container-muxer-webm: aa71ff27fc2769a1b78a27578f13a17b -> 
  custom:container-demuxer-webm: 4f35f7cbe854078d1ac9338744f61a02 -> 
  custom:container-demuxer-ogg: 62fdf1f143b41e24485cea50d1cbac27 -> 
  custom:video-encoder-webm-vp8: eb34c28f22e8b96e1ab97ce403110664 -> 
  custom:video-decoder-webm-vp8: 9c59270c3fd7afecdb556c50c9e8de78 -> 
  custom:audio-decoder-ogg-vorbis: bf7c407c2cedff20999df2af8eb42d56 -> 
  custom:audio-encoder-webm-vorbis: bf7c407c2cedff20999df2af8eb42d56 -> 
========================================================================
Received Import Request.
  Time since last request: 95.082784 seconds.
  path: Assets/Tuberia.prefab
  artifactKey: Guid(0045cdac563dca241990c0f778208dd1) Importer(815301076,1909f56bfc062723c751e8b465ee728b)
Start importing Assets/Tuberia.prefab using Guid(0045cdac563dca241990c0f778208dd1) Importer(815301076,1909f56bfc062723c751e8b465ee728b)  -> (artifact id: 'ad5523db80bdbd32ee64e511a6cc9a01') in 0.047925 seconds 
  Import took 0.050577 seconds .

========================================================================
Received Prepare
Registering precompiled user dll's ...
Registered in 0.005667 seconds.
Begin MonoManager ReloadAssembly
Native extension for WindowsStandalone target not found
Native extension for WebGL target not found
Refreshing native plugins compatible for Editor in 0.28 ms, found 2 plugins.
Preloading 0 native plugins for Editor in 0.00 ms.
Mono: successfully reloaded assembly
- Completed reload, in  0.865 seconds
Domain Reload Profiling:
	ReloadAssembly (866ms)
		BeginReloadAssembly (104ms)
			ExecutionOrderSort (0ms)
			DisableScriptedObjects (5ms)
			BackupInstance (0ms)
			ReleaseScriptingObjects (0ms)
			CreateAndSetChildDomain (26ms)
		EndReloadAssembly (707ms)
			LoadAssemblies (73ms)
			RebuildTransferFunctionScriptingTraits (0ms)
			SetupTypeCache (245ms)
			ReleaseScriptCaches (1ms)
			RebuildScriptCaches (62ms)
			SetupLoadedEditorAssemblies (238ms)
				LogAssemblyErrors (0ms)
				InitializePlatformSupportModulesInManaged (6ms)
				SetLoadedEditorAssemblies (0ms)
				RefreshPlugins (0ms)
				BeforeProcessingInitializeOnLoad (43ms)
				ProcessInitializeOnLoadAttributes (179ms)
				ProcessInitializeOnLoadMethodAttributes (3ms)
				AfterProcessingInitializeOnLoad (6ms)
				EditorAssembliesLoaded (0ms)
			ExecutionOrderSort2 (0ms)
			AwakeInstancesAfterBackupRestoration (5ms)
Platform modules already initialized, skipping
Refreshing native plugins compatible for Editor in 0.33 ms, found 2 plugins.
Preloading 0 native plugins for Editor in 0.00 ms.
Unloading 1388 Unused Serialized files (Serialized files now loaded: 0)
System memory in use before: 64.9 MB.
System memory in use after: 65.0 MB.

Unloading 13 unused Assets to reduce memory usage. Loaded Objects now: 1838.
Total: 1.997300 ms (FindLiveObjects: 0.119000 ms CreateObjectMapping: 0.037500 ms MarkObjects: 1.792000 ms  DeleteObjects: 0.048000 ms)

AssetImportParameters requested are different than current active one (requested -> active):
  custom:framework-win-MediaFoundation: 216162199b28c13a410421893ffa2e32 -> 
  custom:video-decoder-ogg-theora: a1e56fd34408186e4bbccfd4996cb3dc -> 
  custom:container-muxer-webm: aa71ff27fc2769a1b78a27578f13a17b -> 
  custom:container-demuxer-webm: 4f35f7cbe854078d1ac9338744f61a02 -> 
  custom:container-demuxer-ogg: 62fdf1f143b41e24485cea50d1cbac27 -> 
  custom:video-encoder-webm-vp8: eb34c28f22e8b96e1ab97ce403110664 -> 
  custom:video-decoder-webm-vp8: 9c59270c3fd7afecdb556c50c9e8de78 -> 
  custom:audio-decoder-ogg-vorbis: bf7c407c2cedff20999df2af8eb42d56 -> 
  custom:audio-encoder-webm-vorbis: bf7c407c2cedff20999df2af8eb42d56 -> 
========================================================================
Received Import Request.
  Time since last request: 17.514322 seconds.
  path: Assets/Tuberia.prefab
  artifactKey: Guid(0045cdac563dca241990c0f778208dd1) Importer(815301076,1909f56bfc062723c751e8b465ee728b)
Start importing Assets/Tuberia.prefab using Guid(0045cdac563dca241990c0f778208dd1) Importer(815301076,1909f56bfc062723c751e8b465ee728b)  -> (artifact id: '7c2213638eb9669616c644145170ab8b') in 0.027649 seconds 
  Import took 0.030040 seconds .

========================================================================
Received Import Request.
  Time since last request: 1.103448 seconds.
  path: Assets/Tuberia.prefab
  artifactKey: Guid(0045cdac563dca241990c0f778208dd1) Importer(815301076,1909f56bfc062723c751e8b465ee728b)
Start importing Assets/Tuberia.prefab using Guid(0045cdac563dca241990c0f778208dd1) Importer(815301076,1909f56bfc062723c751e8b465ee728b)  -> (artifact id: '7c2213638eb9669616c644145170ab8b') in 0.005514 seconds 
  Import took 0.007939 seconds .

========================================================================
Received Import Request.
  Time since last request: 0.052677 seconds.
  path: Assets/Tuberia.prefab
  artifactKey: Guid(0045cdac563dca241990c0f778208dd1) Importer(815301076,1909f56bfc062723c751e8b465ee728b)
Start importing Assets/Tuberia.prefab using Guid(0045cdac563dca241990c0f778208dd1) Importer(815301076,1909f56bfc062723c751e8b465ee728b)  -> (artifact id: '479d7b360c2a5a882184f2ec28918fb4') in 0.009170 seconds 
  Import took 0.011874 seconds .

========================================================================
Received Import Request.
  Time since last request: 0.020469 seconds.
  path: Assets/Tuberia.prefab
  artifactKey: Guid(0045cdac563dca241990c0f778208dd1) Importer(815301076,1909f56bfc062723c751e8b465ee728b)
Start importing Assets/Tuberia.prefab using Guid(0045cdac563dca241990c0f778208dd1) Importer(815301076,1909f56bfc062723c751e8b465ee728b)  -> (artifact id: '479d7b360c2a5a882184f2ec28918fb4') in 0.015279 seconds 
  Import took 0.019121 seconds .

========================================================================
Received Import Request.
  Time since last request: 2.375996 seconds.
  path: Assets/Tuberia.prefab
  artifactKey: Guid(0045cdac563dca241990c0f778208dd1) Importer(815301076,1909f56bfc062723c751e8b465ee728b)
Start importing Assets/Tuberia.prefab using Guid(0045cdac563dca241990c0f778208dd1) Importer(815301076,1909f56bfc062723c751e8b465ee728b)  -> (artifact id: '29cb9681c93ff84c7259ef48e232c69e') in 0.006908 seconds 
  Import took 0.010073 seconds .

========================================================================
Received Import Request.
  Time since last request: 0.014776 seconds.
  path: Assets/Tuberia.prefab
  artifactKey: Guid(0045cdac563dca241990c0f778208dd1) Importer(815301076,1909f56bfc062723c751e8b465ee728b)
Start importing Assets/Tuberia.prefab using Guid(0045cdac563dca241990c0f778208dd1) Importer(815301076,1909f56bfc062723c751e8b465ee728b)  -> (artifact id: '29cb9681c93ff84c7259ef48e232c69e') in 0.015376 seconds 
  Import took 0.018176 seconds .

========================================================================
Received Import Request.
  Time since last request: 6.313449 seconds.
  path: Assets/Tuberia.prefab
  artifactKey: Guid(0045cdac563dca241990c0f778208dd1) Importer(815301076,1909f56bfc062723c751e8b465ee728b)
Start importing Assets/Tuberia.prefab using Guid(0045cdac563dca241990c0f778208dd1) Importer(815301076,1909f56bfc062723c751e8b465ee728b)  -> (artifact id: '055d6706963ccc66623d1161d36de187') in 0.008360 seconds 
  Import took 0.013787 seconds .

========================================================================
Received Import Request.
  Time since last request: 0.012625 seconds.
  path: Assets/Tuberia.prefab
  artifactKey: Guid(0045cdac563dca241990c0f778208dd1) Importer(815301076,1909f56bfc062723c751e8b465ee728b)
Start importing Assets/Tuberia.prefab using Guid(0045cdac563dca241990c0f778208dd1) Importer(815301076,1909f56bfc062723c751e8b465ee728b)  -> (artifact id: '055d6706963ccc66623d1161d36de187') in 0.012368 seconds 
  Import took 0.015707 seconds .

========================================================================
Received Import Request.
  Time since last request: 13.055729 seconds.
  path: Assets/Tuberia.prefab
  artifactKey: Guid(0045cdac563dca241990c0f778208dd1) Importer(815301076,1909f56bfc062723c751e8b465ee728b)
Start importing Assets/Tuberia.prefab using Guid(0045cdac563dca241990c0f778208dd1) Importer(815301076,1909f56bfc062723c751e8b465ee728b)  -> (artifact id: '0e21e80d483cd8330c547909f8396da4') in 0.006259 seconds 
  Import took 0.008757 seconds .

========================================================================
Received Import Request.
  Time since last request: 0.010924 seconds.
  path: Assets/Tuberia.prefab
  artifactKey: Guid(0045cdac563dca241990c0f778208dd1) Importer(815301076,1909f56bfc062723c751e8b465ee728b)
Start importing Assets/Tuberia.prefab using Guid(0045cdac563dca241990c0f778208dd1) Importer(815301076,1909f56bfc062723c751e8b465ee728b)  -> (artifact id: '0e21e80d483cd8330c547909f8396da4') in 0.009446 seconds 
  Import took 0.015448 seconds .

========================================================================
Received Import Request.
  Time since last request: 12.270234 seconds.
  path: Assets/Tuberia.prefab
  artifactKey: Guid(0045cdac563dca241990c0f778208dd1) Importer(815301076,1909f56bfc062723c751e8b465ee728b)
Start importing Assets/Tuberia.prefab using Guid(0045cdac563dca241990c0f778208dd1) Importer(815301076,1909f56bfc062723c751e8b465ee728b)  -> (artifact id: '368578eb5c025b608592d7add2d26321') in 0.009044 seconds 
  Import took 0.011401 seconds .

========================================================================
Received Import Request.
  Time since last request: 0.018360 seconds.
  path: Assets/Tuberia.prefab
  artifactKey: Guid(0045cdac563dca241990c0f778208dd1) Importer(815301076,1909f56bfc062723c751e8b465ee728b)
Start importing Assets/Tuberia.prefab using Guid(0045cdac563dca241990c0f778208dd1) Importer(815301076,1909f56bfc062723c751e8b465ee728b)  -> (artifact id: '368578eb5c025b608592d7add2d26321') in 0.007332 seconds 
  Import took 0.012082 seconds .

========================================================================
Received Import Request.
  Time since last request: 3.981488 seconds.
  path: Assets/Tuberia.prefab
  artifactKey: Guid(0045cdac563dca241990c0f778208dd1) Importer(815301076,1909f56bfc062723c751e8b465ee728b)
Start importing Assets/Tuberia.prefab using Guid(0045cdac563dca241990c0f778208dd1) Importer(815301076,1909f56bfc062723c751e8b465ee728b)  -> (artifact id: '96747173690bdce5fe96e7ac96f29433') in 0.007617 seconds 
  Import took 0.012080 seconds .

========================================================================
Received Import Request.
  Time since last request: 0.016122 seconds.
  path: Assets/Tuberia.prefab
  artifactKey: Guid(0045cdac563dca241990c0f778208dd1) Importer(815301076,1909f56bfc062723c751e8b465ee728b)
Start importing Assets/Tuberia.prefab using Guid(0045cdac563dca241990c0f778208dd1) Importer(815301076,1909f56bfc062723c751e8b465ee728b)  -> (artifact id: '96747173690bdce5fe96e7ac96f29433') in 0.008947 seconds 
  Import took 0.012490 seconds .

========================================================================
Received Import Request.
  Time since last request: 10.631353 seconds.
  path: Assets/Tuberia.prefab
  artifactKey: Guid(0045cdac563dca241990c0f778208dd1) Importer(815301076,1909f56bfc062723c751e8b465ee728b)
Start importing Assets/Tuberia.prefab using Guid(0045cdac563dca241990c0f778208dd1) Importer(815301076,1909f56bfc062723c751e8b465ee728b)  -> (artifact id: '9d00d391fbf58a96e8699dd8817ec5e1') in 0.010041 seconds 
  Import took 0.013933 seconds .

========================================================================
Received Import Request.
  Time since last request: 0.015192 seconds.
  path: Assets/Tuberia.prefab
  artifactKey: Guid(0045cdac563dca241990c0f778208dd1) Importer(815301076,1909f56bfc062723c751e8b465ee728b)
Start importing Assets/Tuberia.prefab using Guid(0045cdac563dca241990c0f778208dd1) Importer(815301076,1909f56bfc062723c751e8b465ee728b)  -> (artifact id: '9d00d391fbf58a96e8699dd8817ec5e1') in 0.006941 seconds 
  Import took 0.014150 seconds .

========================================================================
Received Import Request.
  Time since last request: 3.937063 seconds.
  path: Assets/Tuberia.prefab
  artifactKey: Guid(0045cdac563dca241990c0f778208dd1) Importer(815301076,1909f56bfc062723c751e8b465ee728b)
Start importing Assets/Tuberia.prefab using Guid(0045cdac563dca241990c0f778208dd1) Importer(815301076,1909f56bfc062723c751e8b465ee728b)  -> (artifact id: '6e4eae98bc41b213c63d939d5e53ca87') in 0.007042 seconds 
  Import took 0.009882 seconds .

========================================================================
Received Import Request.
  Time since last request: 0.010713 seconds.
  path: Assets/Tuberia.prefab
  artifactKey: Guid(0045cdac563dca241990c0f778208dd1) Importer(815301076,1909f56bfc062723c751e8b465ee728b)
Start importing Assets/Tuberia.prefab using Guid(0045cdac563dca241990c0f778208dd1) Importer(815301076,1909f56bfc062723c751e8b465ee728b)  -> (artifact id: '6e4eae98bc41b213c63d939d5e53ca87') in 0.015432 seconds 
  Import took 0.017974 seconds .

========================================================================
Received Import Request.
  Time since last request: 7.034421 seconds.
  path: Assets/Tuberia.prefab
  artifactKey: Guid(0045cdac563dca241990c0f778208dd1) Importer(815301076,1909f56bfc062723c751e8b465ee728b)
Start importing Assets/Tuberia.prefab using Guid(0045cdac563dca241990c0f778208dd1) Importer(815301076,1909f56bfc062723c751e8b465ee728b)  -> (artifact id: 'd214c18c2d3692ce91fa349223e9ea3c') in 0.008688 seconds 
  Import took 0.011416 seconds .

========================================================================
Received Import Request.
  Time since last request: 0.010993 seconds.
  path: Assets/Tuberia.prefab
  artifactKey: Guid(0045cdac563dca241990c0f778208dd1) Importer(815301076,1909f56bfc062723c751e8b465ee728b)
Start importing Assets/Tuberia.prefab using Guid(0045cdac563dca241990c0f778208dd1) Importer(815301076,1909f56bfc062723c751e8b465ee728b)  -> (artifact id: 'd214c18c2d3692ce91fa349223e9ea3c') in 0.008884 seconds 
  Import took 0.014628 seconds .

========================================================================
Received Import Request.
  Time since last request: 9.549302 seconds.
  path: Assets/Tuberia.prefab
  artifactKey: Guid(0045cdac563dca241990c0f778208dd1) Importer(815301076,1909f56bfc062723c751e8b465ee728b)
Start importing Assets/Tuberia.prefab using Guid(0045cdac563dca241990c0f778208dd1) Importer(815301076,1909f56bfc062723c751e8b465ee728b)  -> (artifact id: 'a2160d8f34f9cb6f769585f8a1f0e7f4') in 0.007736 seconds 
  Import took 0.010857 seconds .

========================================================================
Received Import Request.
  Time since last request: 0.012987 seconds.
  path: Assets/Tuberia.prefab
  artifactKey: Guid(0045cdac563dca241990c0f778208dd1) Importer(815301076,1909f56bfc062723c751e8b465ee728b)
Start importing Assets/Tuberia.prefab using Guid(0045cdac563dca241990c0f778208dd1) Importer(815301076,1909f56bfc062723c751e8b465ee728b)  -> (artifact id: 'a2160d8f34f9cb6f769585f8a1f0e7f4') in 0.007214 seconds 
  Import took 0.014107 seconds .

========================================================================
Received Import Request.
  Time since last request: 10.707326 seconds.
  path: Assets/Tuberia.prefab
  artifactKey: Guid(0045cdac563dca241990c0f778208dd1) Importer(815301076,1909f56bfc062723c751e8b465ee728b)
Start importing Assets/Tuberia.prefab using Guid(0045cdac563dca241990c0f778208dd1) Importer(815301076,1909f56bfc062723c751e8b465ee728b)  -> (artifact id: 'b7bcdaa637576b834b986effdfa3cb05') in 0.012704 seconds 
  Import took 0.017346 seconds .

========================================================================
Received Import Request.
  Time since last request: 0.013520 seconds.
  path: Assets/Tuberia.prefab
  artifactKey: Guid(0045cdac563dca241990c0f778208dd1) Importer(815301076,1909f56bfc062723c751e8b465ee728b)
Start importing Assets/Tuberia.prefab using Guid(0045cdac563dca241990c0f778208dd1) Importer(815301076,1909f56bfc062723c751e8b465ee728b)  -> (artifact id: 'b7bcdaa637576b834b986effdfa3cb05') in 0.007332 seconds 
  Import took 0.011876 seconds .

========================================================================
Received Import Request.
  Time since last request: 2.519252 seconds.
  path: Assets/Tuberia.prefab
  artifactKey: Guid(0045cdac563dca241990c0f778208dd1) Importer(815301076,1909f56bfc062723c751e8b465ee728b)
Start importing Assets/Tuberia.prefab using Guid(0045cdac563dca241990c0f778208dd1) Importer(815301076,1909f56bfc062723c751e8b465ee728b)  -> (artifact id: '32c146efaadf0fe6415da3899ce6b24d') in 0.008928 seconds 
  Import took 0.012451 seconds .

========================================================================
Received Import Request.
  Time since last request: 0.017923 seconds.
  path: Assets/Tuberia.prefab
  artifactKey: Guid(0045cdac563dca241990c0f778208dd1) Importer(815301076,1909f56bfc062723c751e8b465ee728b)
Start importing Assets/Tuberia.prefab using Guid(0045cdac563dca241990c0f778208dd1) Importer(815301076,1909f56bfc062723c751e8b465ee728b)  -> (artifact id: '32c146efaadf0fe6415da3899ce6b24d') in 0.011039 seconds 
  Import took 0.014358 seconds .

========================================================================
Received Prepare
Registering precompiled user dll's ...
Registered in 0.004589 seconds.
Begin MonoManager ReloadAssembly
Native extension for WindowsStandalone target not found
Native extension for WebGL target not found
Refreshing native plugins compatible for Editor in 0.27 ms, found 2 plugins.
Preloading 0 native plugins for Editor in 0.00 ms.
Mono: successfully reloaded assembly
- Completed reload, in  0.833 seconds
Domain Reload Profiling:
	ReloadAssembly (833ms)
		BeginReloadAssembly (95ms)
			ExecutionOrderSort (0ms)
			DisableScriptedObjects (4ms)
			BackupInstance (0ms)
			ReleaseScriptingObjects (0ms)
			CreateAndSetChildDomain (27ms)
		EndReloadAssembly (683ms)
			LoadAssemblies (76ms)
			RebuildTransferFunctionScriptingTraits (0ms)
			SetupTypeCache (239ms)
			ReleaseScriptCaches (1ms)
			RebuildScriptCaches (32ms)
			SetupLoadedEditorAssemblies (254ms)
				LogAssemblyErrors (0ms)
				InitializePlatformSupportModulesInManaged (5ms)
				SetLoadedEditorAssemblies (1ms)
				RefreshPlugins (0ms)
				BeforeProcessingInitializeOnLoad (56ms)
				ProcessInitializeOnLoadAttributes (184ms)
				ProcessInitializeOnLoadMethodAttributes (3ms)
				AfterProcessingInitializeOnLoad (5ms)
				EditorAssembliesLoaded (0ms)
			ExecutionOrderSort2 (0ms)
			AwakeInstancesAfterBackupRestoration (6ms)
Platform modules already initialized, skipping
Refreshing native plugins compatible for Editor in 0.31 ms, found 2 plugins.
Preloading 0 native plugins for Editor in 0.00 ms.
Unloading 1388 Unused Serialized files (Serialized files now loaded: 0)
System memory in use before: 64.9 MB.
System memory in use after: 65.0 MB.

Unloading 13 unused Assets to reduce memory usage. Loaded Objects now: 1841.
Total: 1.889200 ms (FindLiveObjects: 0.133100 ms CreateObjectMapping: 0.038100 ms MarkObjects: 1.672700 ms  DeleteObjects: 0.044500 ms)

AssetImportParameters requested are different than current active one (requested -> active):
  custom:framework-win-MediaFoundation: 216162199b28c13a410421893ffa2e32 -> 
  custom:video-decoder-ogg-theora: a1e56fd34408186e4bbccfd4996cb3dc -> 
  custom:container-muxer-webm: aa71ff27fc2769a1b78a27578f13a17b -> 
  custom:container-demuxer-webm: 4f35f7cbe854078d1ac9338744f61a02 -> 
  custom:container-demuxer-ogg: 62fdf1f143b41e24485cea50d1cbac27 -> 
  custom:video-encoder-webm-vp8: eb34c28f22e8b96e1ab97ce403110664 -> 
  custom:video-decoder-webm-vp8: 9c59270c3fd7afecdb556c50c9e8de78 -> 
  custom:audio-decoder-ogg-vorbis: bf7c407c2cedff20999df2af8eb42d56 -> 
  custom:audio-encoder-webm-vorbis: bf7c407c2cedff20999df2af8eb42d56 -> 
========================================================================
Received Import Request.
  Time since last request: 65.653357 seconds.
  path: Assets/Tuberia.prefab
  artifactKey: Guid(0045cdac563dca241990c0f778208dd1) Importer(815301076,1909f56bfc062723c751e8b465ee728b)
Start importing Assets/Tuberia.prefab using Guid(0045cdac563dca241990c0f778208dd1) Importer(815301076,1909f56bfc062723c751e8b465ee728b)  -> (artifact id: '17fe9e0fe4825d5ef6fdc2614e4c690b') in 0.027794 seconds 
  Import took 0.029860 seconds .

========================================================================
Received Prepare
Registering precompiled user dll's ...
Registered in 0.004101 seconds.
Begin MonoManager ReloadAssembly
Native extension for WindowsStandalone target not found
Native extension for WebGL target not found
Refreshing native plugins compatible for Editor in 0.27 ms, found 2 plugins.
Preloading 0 native plugins for Editor in 0.00 ms.
Mono: successfully reloaded assembly
- Completed reload, in  0.992 seconds
Domain Reload Profiling:
	ReloadAssembly (992ms)
		BeginReloadAssembly (93ms)
			ExecutionOrderSort (0ms)
			DisableScriptedObjects (4ms)
			BackupInstance (0ms)
			ReleaseScriptingObjects (0ms)
			CreateAndSetChildDomain (26ms)
		EndReloadAssembly (844ms)
			LoadAssemblies (74ms)
			RebuildTransferFunctionScriptingTraits (0ms)
			SetupTypeCache (312ms)
			ReleaseScriptCaches (1ms)
			RebuildScriptCaches (108ms)
			SetupLoadedEditorAssemblies (237ms)
				LogAssemblyErrors (0ms)
				InitializePlatformSupportModulesInManaged (6ms)
				SetLoadedEditorAssemblies (0ms)
				RefreshPlugins (0ms)
				BeforeProcessingInitializeOnLoad (42ms)
				ProcessInitializeOnLoadAttributes (181ms)
				ProcessInitializeOnLoadMethodAttributes (3ms)
				AfterProcessingInitializeOnLoad (5ms)
				EditorAssembliesLoaded (0ms)
			ExecutionOrderSort2 (0ms)
			AwakeInstancesAfterBackupRestoration (6ms)
Platform modules already initialized, skipping
Refreshing native plugins compatible for Editor in 0.27 ms, found 2 plugins.
Preloading 0 native plugins for Editor in 0.00 ms.
Unloading 1388 Unused Serialized files (Serialized files now loaded: 0)
System memory in use before: 64.9 MB.
System memory in use after: 65.0 MB.

Unloading 13 unused Assets to reduce memory usage. Loaded Objects now: 1844.
Total: 1.940000 ms (FindLiveObjects: 0.120600 ms CreateObjectMapping: 0.039500 ms MarkObjects: 1.724200 ms  DeleteObjects: 0.054700 ms)

AssetImportParameters requested are different than current active one (requested -> active):
  custom:framework-win-MediaFoundation: 216162199b28c13a410421893ffa2e32 -> 
  custom:video-decoder-ogg-theora: a1e56fd34408186e4bbccfd4996cb3dc -> 
  custom:container-muxer-webm: aa71ff27fc2769a1b78a27578f13a17b -> 
  custom:container-demuxer-webm: 4f35f7cbe854078d1ac9338744f61a02 -> 
  custom:container-demuxer-ogg: 62fdf1f143b41e24485cea50d1cbac27 -> 
  custom:video-encoder-webm-vp8: eb34c28f22e8b96e1ab97ce403110664 -> 
  custom:video-decoder-webm-vp8: 9c59270c3fd7afecdb556c50c9e8de78 -> 
  custom:audio-decoder-ogg-vorbis: bf7c407c2cedff20999df2af8eb42d56 -> 
  custom:audio-encoder-webm-vorbis: bf7c407c2cedff20999df2af8eb42d56 -> 
