Using pre-set license
Built from '2020.3/staging' branch; Version is '2020.3.14f1 (d0d1bb862f9d) revision 13685179'; Using compiler version '192528614'; Build Type 'Release'
OS: 'Windows 10 Pro; OS build 19042.1348; Version 2009; 64bit' Language: 'es' Physical Memory: 16249 MB
BatchMode: 1, IsHumanControllingUs: 0, StartBugReporterOnCrash: 0, Is64bit: 1, IsPro: 0

 COMMAND LINE ARGUMENTS:
C:\Program Files\Unity\Hub\Editor\2020.3.14f1\Editor\Unity.exe
-adb2
-batchMode
-noUpm
-name
AssetImportWorker0
-projectPath
C:/Users/carlo/OneDrive/Documentos/GitHub/Una-semana-solitaria
-logFile
Logs/AssetImportWorker0.log
-srvPort
60425
Successfully changed project path to: C:/Users/carlo/OneDrive/Documentos/GitHub/Una-semana-solitaria
C:/Users/carlo/OneDrive/Documentos/GitHub/Una-semana-solitaria
Using Asset Import Pipeline V2.
Refreshing native plugins compatible for Editor in 93.19 ms, found 3 plugins.
Preloading 0 native plugins for Editor in 0.00 ms.
Initialize engine version: 2020.3.14f1 (d0d1bb862f9d)
[Subsystems] Discovering subsystems at path C:/Program Files/Unity/Hub/Editor/2020.3.14f1/Editor/Data/Resources/UnitySubsystems
[Subsystems] Discovering subsystems at path C:/Users/carlo/OneDrive/Documentos/GitHub/Una-semana-solitaria/Assets
GfxDevice: creating device client; threaded=0
Direct3D:
    Version:  Direct3D 11.0 [level 11.1]
    Renderer: NVIDIA GeForce GTX 970 (ID=0x13c2)
    Vendor:   
    VRAM:     4043 MB
    Driver:   30.0.14.9676
Initialize mono
Mono path[0] = 'C:/Program Files/Unity/Hub/Editor/2020.3.14f1/Editor/Data/Managed'
Mono path[1] = 'C:/Program Files/Unity/Hub/Editor/2020.3.14f1/Editor/Data/MonoBleedingEdge/lib/mono/unityjit'
Mono config path = 'C:/Program Files/Unity/Hub/Editor/2020.3.14f1/Editor/Data/MonoBleedingEdge/etc'
Using monoOptions --debugger-agent=transport=dt_socket,embedding=1,server=y,suspend=n,address=127.0.0.1:56992
Begin MonoManager ReloadAssembly
Registering precompiled unity dll's ...
Register platform support module: C:/Program Files/Unity/Hub/Editor/2020.3.14f1/Editor/Data/PlaybackEngines/WebGLSupport/UnityEditor.WebGL.Extensions.dll
Register platform support module: C:/Program Files/Unity/Hub/Editor/2020.3.14f1/Editor/Data/PlaybackEngines/WindowsStandaloneSupport/UnityEditor.WindowsStandalone.Extensions.dll
Registered in 0.005228 seconds.
Native extension for WindowsStandalone target not found
Native extension for WebGL target not found
Refreshing native plugins compatible for Editor in 45.43 ms, found 3 plugins.
Preloading 0 native plugins for Editor in 0.00 ms.
Mono: successfully reloaded assembly
- Completed reload, in  1.615 seconds
Domain Reload Profiling:
	ReloadAssembly (1615ms)
		BeginReloadAssembly (74ms)
			ExecutionOrderSort (0ms)
			DisableScriptedObjects (0ms)
			BackupInstance (0ms)
			ReleaseScriptingObjects (0ms)
			CreateAndSetChildDomain (1ms)
		EndReloadAssembly (571ms)
			LoadAssemblies (72ms)
			RebuildTransferFunctionScriptingTraits (0ms)
			SetupTypeCache (231ms)
			ReleaseScriptCaches (0ms)
			RebuildScriptCaches (39ms)
			SetupLoadedEditorAssemblies (202ms)
				LogAssemblyErrors (0ms)
				InitializePlatformSupportModulesInManaged (7ms)
				SetLoadedEditorAssemblies (1ms)
				RefreshPlugins (46ms)
				BeforeProcessingInitializeOnLoad (16ms)
				ProcessInitializeOnLoadAttributes (100ms)
				ProcessInitializeOnLoadMethodAttributes (32ms)
				AfterProcessingInitializeOnLoad (1ms)
				EditorAssembliesLoaded (0ms)
			ExecutionOrderSort2 (0ms)
			AwakeInstancesAfterBackupRestoration (0ms)
Platform modules already initialized, skipping
Registering precompiled user dll's ...
Registered in 0.005373 seconds.
Begin MonoManager ReloadAssembly
Native extension for WindowsStandalone target not found
Native extension for WebGL target not found
Refreshing native plugins compatible for Editor in 0.50 ms, found 3 plugins.
Preloading 0 native plugins for Editor in 0.00 ms.
Mono: successfully reloaded assembly
- Completed reload, in  1.413 seconds
Domain Reload Profiling:
	ReloadAssembly (1414ms)
		BeginReloadAssembly (191ms)
			ExecutionOrderSort (0ms)
			DisableScriptedObjects (6ms)
			BackupInstance (0ms)
			ReleaseScriptingObjects (0ms)
			CreateAndSetChildDomain (24ms)
		EndReloadAssembly (1135ms)
			LoadAssemblies (127ms)
			RebuildTransferFunctionScriptingTraits (0ms)
			SetupTypeCache (393ms)
			ReleaseScriptCaches (1ms)
			RebuildScriptCaches (59ms)
			SetupLoadedEditorAssemblies (430ms)
				LogAssemblyErrors (0ms)
				InitializePlatformSupportModulesInManaged (7ms)
				SetLoadedEditorAssemblies (1ms)
				RefreshPlugins (1ms)
				BeforeProcessingInitializeOnLoad (115ms)
				ProcessInitializeOnLoadAttributes (284ms)
				ProcessInitializeOnLoadMethodAttributes (11ms)
				AfterProcessingInitializeOnLoad (12ms)
				EditorAssembliesLoaded (0ms)
			ExecutionOrderSort2 (0ms)
			AwakeInstancesAfterBackupRestoration (12ms)
Platform modules already initialized, skipping
========================================================================
Worker process is ready to serve import requests
Launched and connected shader compiler UnityShaderCompiler.exe after 0.06 seconds
Refreshing native plugins compatible for Editor in 0.44 ms, found 3 plugins.
Preloading 0 native plugins for Editor in 0.00 ms.
Unloading 1956 Unused Serialized files (Serialized files now loaded: 0)
System memory in use before: 91.1 MB.
System memory in use after: 91.2 MB.

Unloading 21 unused Assets to reduce memory usage. Loaded Objects now: 2392.
Total: 2.479900 ms (FindLiveObjects: 0.226900 ms CreateObjectMapping: 0.141700 ms MarkObjects: 2.020100 ms  DeleteObjects: 0.090000 ms)

AssetImportParameters requested are different than current active one (requested -> active):
  custom:framework-win-MediaFoundation: 216162199b28c13a410421893ffa2e32 -> 
  custom:video-decoder-ogg-theora: a1e56fd34408186e4bbccfd4996cb3dc -> 
  custom:container-muxer-webm: aa71ff27fc2769a1b78a27578f13a17b -> 
  custom:container-demuxer-webm: 4f35f7cbe854078d1ac9338744f61a02 -> 
  custom:container-demuxer-ogg: 62fdf1f143b41e24485cea50d1cbac27 -> 
  custom:video-encoder-webm-vp8: eb34c28f22e8b96e1ab97ce403110664 -> 
  custom:video-decoder-webm-vp8: 9c59270c3fd7afecdb556c50c9e8de78 -> 
  custom:audio-decoder-ogg-vorbis: bf7c407c2cedff20999df2af8eb42d56 -> 
  custom:audio-encoder-webm-vorbis: bf7c407c2cedff20999df2af8eb42d56 -> 
========================================================================
Received Import Request.
  path: Assets/Art/BocetoNi単aGemela2SinNariz.png
  artifactKey: Guid(7675be4664867214b830fe2058954cf7) Importer(815301076,1909f56bfc062723c751e8b465ee728b)
Start importing Assets/Art/BocetoNi単aGemela2SinNariz.png using Guid(7675be4664867214b830fe2058954cf7) Importer(815301076,1909f56bfc062723c751e8b465ee728b)  -> (artifact id: '08a28aa4e7cc3c6130b7263df5ae7e60') in 0.146295 seconds 
  Import took 0.151484 seconds .

========================================================================
Received Import Request.
  Time since last request: 0.000384 seconds.
  path: Assets/Art/Titulo-con-trazo.png
  artifactKey: Guid(0d5f1cd1e9eda7d45ade8b6cbd8853fb) Importer(815301076,1909f56bfc062723c751e8b465ee728b)
Start importing Assets/Art/Titulo-con-trazo.png using Guid(0d5f1cd1e9eda7d45ade8b6cbd8853fb) Importer(815301076,1909f56bfc062723c751e8b465ee728b)  -> (artifact id: 'e465530f933ea249ad405262ff4ae91e') in 0.076079 seconds 
  Import took 0.079828 seconds .

========================================================================
Received Import Request.
  Time since last request: 0.000201 seconds.
  path: Assets/Art/ConchiV2.png
  artifactKey: Guid(7e164dee2d4217c4a8daac1a3a6472cf) Importer(815301076,1909f56bfc062723c751e8b465ee728b)
Start importing Assets/Art/ConchiV2.png using Guid(7e164dee2d4217c4a8daac1a3a6472cf) Importer(815301076,1909f56bfc062723c751e8b465ee728b)  -> (artifact id: 'b4f619d1e4e26690771621156fb58849') in 0.028571 seconds 
  Import took 0.033278 seconds .

========================================================================
Received Import Request.
  Time since last request: 0.000446 seconds.
  path: Assets/Art/ROCA2.png
  artifactKey: Guid(f1f56155bcd70d64ab7d5dfd9c33c292) Importer(815301076,1909f56bfc062723c751e8b465ee728b)
Start importing Assets/Art/ROCA2.png using Guid(f1f56155bcd70d64ab7d5dfd9c33c292) Importer(815301076,1909f56bfc062723c751e8b465ee728b)  -> (artifact id: '222ad8310639da0090426a4403e240cb') in 0.045508 seconds 
  Import took 0.050003 seconds .

========================================================================
Received Import Request.
  Time since last request: 0.000187 seconds.
  path: Assets/Art/BocetoMinero.png
  artifactKey: Guid(d0a9c3f1a0f7ae94aae75b3a1b46fdf1) Importer(815301076,1909f56bfc062723c751e8b465ee728b)
Start importing Assets/Art/BocetoMinero.png using Guid(d0a9c3f1a0f7ae94aae75b3a1b46fdf1) Importer(815301076,1909f56bfc062723c751e8b465ee728b)  -> (artifact id: 'c412bfd8b5eb98510aff49ce054c1025') in 0.046881 seconds 
  Import took 0.055075 seconds .

========================================================================
Received Import Request.
  Time since last request: 0.000215 seconds.
  path: Assets/Art/Alcalde.png
  artifactKey: Guid(f23a21e8e9d99654e8a36ac7eb8f9a2f) Importer(815301076,1909f56bfc062723c751e8b465ee728b)
Start importing Assets/Art/Alcalde.png using Guid(f23a21e8e9d99654e8a36ac7eb8f9a2f) Importer(815301076,1909f56bfc062723c751e8b465ee728b)  -> (artifact id: '7e28d2a6f1da834271890d4ff0605253') in 0.025018 seconds 
  Import took 0.032154 seconds .

========================================================================
Received Import Request.
  Time since last request: 0.000199 seconds.
  path: Assets/Art/MONEDA.png
  artifactKey: Guid(53b3ba4c9a5bce743a8606c8ce55081a) Importer(815301076,1909f56bfc062723c751e8b465ee728b)
Start importing Assets/Art/MONEDA.png using Guid(53b3ba4c9a5bce743a8606c8ce55081a) Importer(815301076,1909f56bfc062723c751e8b465ee728b)  -> (artifact id: '93ca7f8fe0ab827f1c3247dc17fdbaa5') in 0.021938 seconds 
  Import took 0.029042 seconds .

========================================================================
Received Import Request.
  Time since last request: 0.000237 seconds.
  path: Assets/Art/ROCA3.png
  artifactKey: Guid(3d53087d309b2a946b03aeaf5c970beb) Importer(815301076,1909f56bfc062723c751e8b465ee728b)
Start importing Assets/Art/ROCA3.png using Guid(3d53087d309b2a946b03aeaf5c970beb) Importer(815301076,1909f56bfc062723c751e8b465ee728b)  -> (artifact id: '74c0c6883d2761c5d5e953093a396472') in 0.030464 seconds 
  Import took 0.042870 seconds .

========================================================================
Received Import Request.
  Time since last request: 0.000202 seconds.
  path: Assets/Art/ROCA1.png
  artifactKey: Guid(62147ee43b1ca124d8bf201fe6f6b900) Importer(815301076,1909f56bfc062723c751e8b465ee728b)
Start importing Assets/Art/ROCA1.png using Guid(62147ee43b1ca124d8bf201fe6f6b900) Importer(815301076,1909f56bfc062723c751e8b465ee728b)  -> (artifact id: 'e70cf251867bc8eac16ced2540a7a684') in 0.025419 seconds 
  Import took 0.045553 seconds .

========================================================================
Received Import Request.
  Time since last request: 0.000219 seconds.
  path: Assets/Art/BocetoElectricista.png
  artifactKey: Guid(070305daa5be85048916ee0552630af4) Importer(815301076,1909f56bfc062723c751e8b465ee728b)
Start importing Assets/Art/BocetoElectricista.png using Guid(070305daa5be85048916ee0552630af4) Importer(815301076,1909f56bfc062723c751e8b465ee728b)  -> (artifact id: '05277fc4194d21a75fadf2b019f5cae7') in 0.026478 seconds 
  Import took 0.033982 seconds .

========================================================================
Received Import Request.
  Time since last request: 0.000195 seconds.
  path: Assets/Art/Panel.png
  artifactKey: Guid(df56f0c03f2ae214584fbd6e68c13360) Importer(815301076,1909f56bfc062723c751e8b465ee728b)
Start importing Assets/Art/Panel.png using Guid(df56f0c03f2ae214584fbd6e68c13360) Importer(815301076,1909f56bfc062723c751e8b465ee728b)  -> (artifact id: '3e492602baa83a7cdbb3835d8f346f5b') in 0.025859 seconds 
  Import took 0.029453 seconds .

========================================================================
Received Import Request.
  Time since last request: 0.000215 seconds.
  path: Assets/Art/bar2.png
  artifactKey: Guid(5bd08c4b550d5114eb4240cc4d3fc939) Importer(815301076,1909f56bfc062723c751e8b465ee728b)
Start importing Assets/Art/bar2.png using Guid(5bd08c4b550d5114eb4240cc4d3fc939) Importer(815301076,1909f56bfc062723c751e8b465ee728b)  -> (artifact id: 'ba59d021173e5993f5f881c33a550df7') in 0.033252 seconds 
  Import took 0.040561 seconds .

========================================================================
Received Import Request.
  Time since last request: 0.000189 seconds.
  path: Assets/Art/portada.JPG
  artifactKey: Guid(d5c038a5c7600254e92f6156b04e7043) Importer(815301076,1909f56bfc062723c751e8b465ee728b)
Start importing Assets/Art/portada.JPG using Guid(d5c038a5c7600254e92f6156b04e7043) Importer(815301076,1909f56bfc062723c751e8b465ee728b)  -> (artifact id: '0a867dd3596b19085e466a84bdfbd02b') in 0.037255 seconds 
  Import took 0.046732 seconds .

========================================================================
Received Import Request.
  Time since last request: 0.000212 seconds.
  path: Assets/Art/bar2.png
  artifactKey: Guid(5bd08c4b550d5114eb4240cc4d3fc939) Importer(815301076,1909f56bfc062723c751e8b465ee728b)
Start importing Assets/Art/bar2.png using Guid(5bd08c4b550d5114eb4240cc4d3fc939) Importer(815301076,1909f56bfc062723c751e8b465ee728b)  -> (artifact id: 'ba59d021173e5993f5f881c33a550df7') in 0.021226 seconds 
  Import took 0.026050 seconds .

========================================================================
Received Import Request.
  Time since last request: 0.000215 seconds.
  path: Assets/Art/Murcielago.png
  artifactKey: Guid(47fc71ea35083724fac7ae6c49860032) Importer(815301076,1909f56bfc062723c751e8b465ee728b)
Start importing Assets/Art/Murcielago.png using Guid(47fc71ea35083724fac7ae6c49860032) Importer(815301076,1909f56bfc062723c751e8b465ee728b)  -> (artifact id: '27c480839daacbbd4068669dfe8f3112') in 0.026762 seconds 
  Import took 0.030887 seconds .

========================================================================
Received Import Request.
  Time since last request: 0.000220 seconds.
  path: Assets/Art/PescadorBoceto.png
  artifactKey: Guid(1e10066e680728748b0a27b4a3c761fb) Importer(815301076,1909f56bfc062723c751e8b465ee728b)
Start importing Assets/Art/PescadorBoceto.png using Guid(1e10066e680728748b0a27b4a3c761fb) Importer(815301076,1909f56bfc062723c751e8b465ee728b)  -> (artifact id: 'edb9bbfe8ef9d9a3e0101119d2e0b277') in 0.030003 seconds 
  Import took 0.034563 seconds .

========================================================================
Received Import Request.
  Time since last request: 0.000206 seconds.
  path: Assets/Art/BocetoNi単aSinNariz.png
  artifactKey: Guid(254fdfea61066db419894abb3952e746) Importer(815301076,1909f56bfc062723c751e8b465ee728b)
Start importing Assets/Art/BocetoNi単aSinNariz.png using Guid(254fdfea61066db419894abb3952e746) Importer(815301076,1909f56bfc062723c751e8b465ee728b)  -> (artifact id: '8a85a66ee8fee79f9783eca959d38ec2') in 0.025166 seconds 
  Import took 0.031863 seconds .

========================================================================
Received Import Request.
  Time since last request: 0.000209 seconds.
  path: Assets/Art/BocetoFontanero.png
  artifactKey: Guid(d00631efa13bc054ba3ae49218f94103) Importer(815301076,1909f56bfc062723c751e8b465ee728b)
Start importing Assets/Art/BocetoFontanero.png using Guid(d00631efa13bc054ba3ae49218f94103) Importer(815301076,1909f56bfc062723c751e8b465ee728b)  -> (artifact id: '26f1abea91552563958196ff0a2c3640') in 0.026877 seconds 
  Import took 0.032888 seconds .

========================================================================
Received Import Request.
  Time since last request: 37.771563 seconds.
  path: Assets/ActivadorPuzzleTuberias.prefab
  artifactKey: Guid(c4ffaa38effa1e946afb5e5803df999c) Importer(815301076,1909f56bfc062723c751e8b465ee728b)
Start importing Assets/ActivadorPuzzleTuberias.prefab using Guid(c4ffaa38effa1e946afb5e5803df999c) Importer(815301076,1909f56bfc062723c751e8b465ee728b)  -> (artifact id: '31646dddff93b50ffb3461907e2d1c14') in 0.199946 seconds 
  Import took 0.206195 seconds .

========================================================================
Received Import Request.
  Time since last request: 0.000372 seconds.
  path: Assets/Coin.prefab
  artifactKey: Guid(c3f8e98ab93a01b44936f20dae87f3aa) Importer(815301076,1909f56bfc062723c751e8b465ee728b)
Start importing Assets/Coin.prefab using Guid(c3f8e98ab93a01b44936f20dae87f3aa) Importer(815301076,1909f56bfc062723c751e8b465ee728b)  -> (artifact id: 'b81898d37573fb24a12d3a69e418fe5d') in 0.027405 seconds 
  Import took 0.031408 seconds .

========================================================================
Received Import Request.
  Time since last request: 0.000233 seconds.
  path: Assets/Slot.prefab
  artifactKey: Guid(d056c8b859fa7464ca1f56a75037e669) Importer(815301076,1909f56bfc062723c751e8b465ee728b)
Start importing Assets/Slot.prefab using Guid(d056c8b859fa7464ca1f56a75037e669) Importer(815301076,1909f56bfc062723c751e8b465ee728b)  -> (artifact id: '526f0dd23d8245c064512641b62fc145') in 0.020593 seconds 
  Import took 0.026756 seconds .

========================================================================
Received Import Request.
  Time since last request: 0.000345 seconds.
  path: Assets/Tuberia.prefab
  artifactKey: Guid(0045cdac563dca241990c0f778208dd1) Importer(815301076,1909f56bfc062723c751e8b465ee728b)
Start importing Assets/Tuberia.prefab using Guid(0045cdac563dca241990c0f778208dd1) Importer(815301076,1909f56bfc062723c751e8b465ee728b)  -> (artifact id: '8540ec5c0f34aec01cbbe79b3de154b2') in 0.023168 seconds 
  Import took 0.027817 seconds .

========================================================================
Received Import Request.
  Time since last request: 0.000188 seconds.
  path: Assets/PantallaVictoria.prefab
  artifactKey: Guid(e19d0cd08a1e4ba439481cd823a26d10) Importer(815301076,1909f56bfc062723c751e8b465ee728b)
Start importing Assets/PantallaVictoria.prefab using Guid(e19d0cd08a1e4ba439481cd823a26d10) Importer(815301076,1909f56bfc062723c751e8b465ee728b)  -> (artifact id: 'dff11a560d44fef8f1d6ed34218bb4bb') in 0.013372 seconds 
  Import took 0.021007 seconds .

========================================================================
Received Import Request.
  Time since last request: 0.000068 seconds.
  path: Assets/PuzzleTuberias.prefab
  artifactKey: Guid(d3cff1440c89e444daf80c1dfc8a5c95) Importer(815301076,1909f56bfc062723c751e8b465ee728b)
Start importing Assets/PuzzleTuberias.prefab using Guid(d3cff1440c89e444daf80c1dfc8a5c95) Importer(815301076,1909f56bfc062723c751e8b465ee728b)  -> (artifact id: '89b986544b480dedc48ac8e29fcedcdb') in 0.028606 seconds 
  Import took 0.036337 seconds .

========================================================================
Received Import Request.
  Time since last request: 0.000240 seconds.
  path: Assets/SistemaDialogos.prefab
  artifactKey: Guid(6738af0b12939894fbaae1f9f8eb5a6a) Importer(815301076,1909f56bfc062723c751e8b465ee728b)
Start importing Assets/SistemaDialogos.prefab using Guid(6738af0b12939894fbaae1f9f8eb5a6a) Importer(815301076,1909f56bfc062723c751e8b465ee728b)  -> (artifact id: 'ec423c2f34f18f8bc7e4d0b5e5e4f01e') in 0.044598 seconds 
  Import took 0.051599 seconds .

========================================================================
Received Import Request.
  Time since last request: 3.080422 seconds.
  path: Assets/Scenes/CazaMoscas.unity
  artifactKey: Guid(fa87561c38ee6234cab37defb2738615) Importer(815301076,1909f56bfc062723c751e8b465ee728b)
Start importing Assets/Scenes/CazaMoscas.unity using Guid(fa87561c38ee6234cab37defb2738615) Importer(815301076,1909f56bfc062723c751e8b465ee728b)  -> (artifact id: '4e1f97c03f0a418c5995d5d5b0536775') in 0.007856 seconds 
  Import took 0.019507 seconds .

========================================================================
Received Import Request.
  Time since last request: 0.432862 seconds.
  path: Assets/Scenes/EscenaCarlos 1.unity
  artifactKey: Guid(57041995ef421bd42a1edc9a5df38f36) Importer(815301076,1909f56bfc062723c751e8b465ee728b)
Start importing Assets/Scenes/EscenaCarlos 1.unity using Guid(57041995ef421bd42a1edc9a5df38f36) Importer(815301076,1909f56bfc062723c751e8b465ee728b)  -> (artifact id: '8f13480bdb758b4f158b5171292895e5') in 0.011631 seconds 
  Import took 0.015391 seconds .

========================================================================
Received Import Request.
  Time since last request: 0.432194 seconds.
  path: Assets/Scenes/NIveles
  artifactKey: Guid(129a05383cb39d648b55b15baf92fcce) Importer(815301076,1909f56bfc062723c751e8b465ee728b)
Start importing Assets/Scenes/NIveles using Guid(129a05383cb39d648b55b15baf92fcce) Importer(815301076,1909f56bfc062723c751e8b465ee728b)  -> (artifact id: '9a0a219406d5110b554fb0b0ff20ebc5') in 0.007904 seconds 
  Import took 0.013439 seconds .

========================================================================
Received Import Request.
  Time since last request: 1.142845 seconds.
  path: Assets/Scenes/NIveles/Secuencia1Moscas.unity
  artifactKey: Guid(e92bdb058d4df2b438a6005c5df4a74f) Importer(815301076,1909f56bfc062723c751e8b465ee728b)
Start importing Assets/Scenes/NIveles/Secuencia1Moscas.unity using Guid(e92bdb058d4df2b438a6005c5df4a74f) Importer(815301076,1909f56bfc062723c751e8b465ee728b)  -> (artifact id: '6442495c3220a6cc9007a0f3c69fb6c5') in 0.008111 seconds 
  Import took 0.012640 seconds .

========================================================================
Received Import Request.
  Time since last request: 1.464540 seconds.
  path: Assets/Scenes/NIveles/Secuencia1SinDialogo.unity
  artifactKey: Guid(651e2276054cb8846bd225282faf1d92) Importer(815301076,1909f56bfc062723c751e8b465ee728b)
Start importing Assets/Scenes/NIveles/Secuencia1SinDialogo.unity using Guid(651e2276054cb8846bd225282faf1d92) Importer(815301076,1909f56bfc062723c751e8b465ee728b)  -> (artifact id: 'ffe3f6aec40627e4618f9caa7cdbe219') in 0.008351 seconds 
  Import took 0.012869 seconds .

========================================================================
Received Import Request.
  Time since last request: 1.417595 seconds.
  path: Assets/Scenes/NIveles/Secuencia3.unity
  artifactKey: Guid(95a13c0701c320f429e027cc47bd2dd0) Importer(815301076,1909f56bfc062723c751e8b465ee728b)
Start importing Assets/Scenes/NIveles/Secuencia3.unity using Guid(95a13c0701c320f429e027cc47bd2dd0) Importer(815301076,1909f56bfc062723c751e8b465ee728b)  -> (artifact id: '038837c97ee37a8f778e1022377add98') in 0.007746 seconds 
  Import took 0.011436 seconds .

========================================================================
Received Import Request.
  Time since last request: 0.618327 seconds.
  path: Assets/Scenes/NIveles/Secuencia4.unity
  artifactKey: Guid(b00f791a1a18f0f4c9fc289fadb54688) Importer(815301076,1909f56bfc062723c751e8b465ee728b)
Start importing Assets/Scenes/NIveles/Secuencia4.unity using Guid(b00f791a1a18f0f4c9fc289fadb54688) Importer(815301076,1909f56bfc062723c751e8b465ee728b)  -> (artifact id: '79493e5149c3abe50124fcd703127234') in 0.008310 seconds 
  Import took 0.014264 seconds .

========================================================================
Received Import Request.
  Time since last request: 0.371970 seconds.
  path: Assets/Scenes/NIveles/Secuencia5.unity
  artifactKey: Guid(3c0fb24396e84434ea8e9cea2d208a85) Importer(815301076,1909f56bfc062723c751e8b465ee728b)
Start importing Assets/Scenes/NIveles/Secuencia5.unity using Guid(3c0fb24396e84434ea8e9cea2d208a85) Importer(815301076,1909f56bfc062723c751e8b465ee728b)  -> (artifact id: '7031a80b7ded945e7ceb444c5206a9a2') in 0.007171 seconds 
  Import took 0.013238 seconds .

========================================================================
Received Import Request.
  Time since last request: 0.323454 seconds.
  path: Assets/Scenes/NIveles/Secuencia5D15.unity
  artifactKey: Guid(868be6d0d829cd5499d129711bc84588) Importer(815301076,1909f56bfc062723c751e8b465ee728b)
Start importing Assets/Scenes/NIveles/Secuencia5D15.unity using Guid(868be6d0d829cd5499d129711bc84588) Importer(815301076,1909f56bfc062723c751e8b465ee728b)  -> (artifact id: 'eca3d4f8af7f93e918b4a7ad55880353') in 0.008652 seconds 
  Import took 0.012731 seconds .

========================================================================
Received Import Request.
  Time since last request: 0.317696 seconds.
  path: Assets/Scenes/NIveles/Secuencia5D18.unity
  artifactKey: Guid(8049f0fce9c67154499c4a0d06e278a1) Importer(815301076,1909f56bfc062723c751e8b465ee728b)
Start importing Assets/Scenes/NIveles/Secuencia5D18.unity using Guid(8049f0fce9c67154499c4a0d06e278a1) Importer(815301076,1909f56bfc062723c751e8b465ee728b)  -> (artifact id: '10e3638218ffe003b6b7b46ac8f34d93') in 0.009532 seconds 
  Import took 0.013865 seconds .

========================================================================
Received Import Request.
  Time since last request: 63.426585 seconds.
  path: Assets/Animations/FebreroSeparado.controller
  artifactKey: Guid(44756668ed728314cb9f71cb9b248c6b) Importer(815301076,1909f56bfc062723c751e8b465ee728b)
Start importing Assets/Animations/FebreroSeparado.controller using Guid(44756668ed728314cb9f71cb9b248c6b) Importer(815301076,1909f56bfc062723c751e8b465ee728b)  -> (artifact id: 'ac39b3058c6afaf7763e7b3689d236fb') in 0.023252 seconds 
  Import took 0.027200 seconds .

========================================================================
Received Import Request.
  Time since last request: 82.572989 seconds.
  path: Assets/Scenes/MinijuegoObstaculos.unity
  artifactKey: Guid(011aae6e9f6a73846ad473f1ffc5759d) Importer(815301076,1909f56bfc062723c751e8b465ee728b)
Start importing Assets/Scenes/MinijuegoObstaculos.unity using Guid(011aae6e9f6a73846ad473f1ffc5759d) Importer(815301076,1909f56bfc062723c751e8b465ee728b)  -> (artifact id: 'af327f0d6ed776aea713ade1c7d2e282') in 0.011415 seconds 
  Import took 0.016538 seconds .

========================================================================
Received Prepare
Registering precompiled user dll's ...
Registered in 0.007591 seconds.
Begin MonoManager ReloadAssembly
Native extension for WindowsStandalone target not found
Native extension for WebGL target not found
Refreshing native plugins compatible for Editor in 0.54 ms, found 3 plugins.
Preloading 0 native plugins for Editor in 0.00 ms.
Mono: successfully reloaded assembly
- Completed reload, in  1.554 seconds
Domain Reload Profiling:
	ReloadAssembly (1555ms)
		BeginReloadAssembly (224ms)
			ExecutionOrderSort (0ms)
			DisableScriptedObjects (6ms)
			BackupInstance (0ms)
			ReleaseScriptingObjects (0ms)
			CreateAndSetChildDomain (67ms)
		EndReloadAssembly (1225ms)
			LoadAssemblies (122ms)
			RebuildTransferFunctionScriptingTraits (0ms)
			SetupTypeCache (395ms)
			ReleaseScriptCaches (1ms)
			RebuildScriptCaches (50ms)
			SetupLoadedEditorAssemblies (520ms)
				LogAssemblyErrors (0ms)
				InitializePlatformSupportModulesInManaged (8ms)
				SetLoadedEditorAssemblies (0ms)
				RefreshPlugins (1ms)
				BeforeProcessingInitializeOnLoad (171ms)
				ProcessInitializeOnLoadAttributes (323ms)
				ProcessInitializeOnLoadMethodAttributes (5ms)
				AfterProcessingInitializeOnLoad (13ms)
				EditorAssembliesLoaded (0ms)
			ExecutionOrderSort2 (0ms)
			AwakeInstancesAfterBackupRestoration (12ms)
Platform modules already initialized, skipping
Refreshing native plugins compatible for Editor in 0.52 ms, found 3 plugins.
Preloading 0 native plugins for Editor in 0.00 ms.
Unloading 1933 Unused Serialized files (Serialized files now loaded: 0)
System memory in use before: 92.6 MB.
System memory in use after: 92.7 MB.

Unloading 17 unused Assets to reduce memory usage. Loaded Objects now: 2423.
Total: 3.215800 ms (FindLiveObjects: 0.309800 ms CreateObjectMapping: 0.258600 ms MarkObjects: 2.586800 ms  DeleteObjects: 0.058800 ms)

AssetImportParameters requested are different than current active one (requested -> active):
  custom:framework-win-MediaFoundation: 216162199b28c13a410421893ffa2e32 -> 
  custom:video-decoder-ogg-theora: a1e56fd34408186e4bbccfd4996cb3dc -> 
  custom:container-muxer-webm: aa71ff27fc2769a1b78a27578f13a17b -> 
  custom:container-demuxer-webm: 4f35f7cbe854078d1ac9338744f61a02 -> 
  custom:container-demuxer-ogg: 62fdf1f143b41e24485cea50d1cbac27 -> 
  custom:video-encoder-webm-vp8: eb34c28f22e8b96e1ab97ce403110664 -> 
  custom:video-decoder-webm-vp8: 9c59270c3fd7afecdb556c50c9e8de78 -> 
  custom:audio-decoder-ogg-vorbis: bf7c407c2cedff20999df2af8eb42d56 -> 
  custom:audio-encoder-webm-vorbis: bf7c407c2cedff20999df2af8eb42d56 -> 
========================================================================
Received Prepare
Registering precompiled user dll's ...
Registered in 0.005085 seconds.
Begin MonoManager ReloadAssembly
Native extension for WindowsStandalone target not found
Native extension for WebGL target not found
Refreshing native plugins compatible for Editor in 0.52 ms, found 3 plugins.
Preloading 0 native plugins for Editor in 0.00 ms.
Mono: successfully reloaded assembly
- Completed reload, in  1.377 seconds
Domain Reload Profiling:
	ReloadAssembly (1378ms)
		BeginReloadAssembly (163ms)
			ExecutionOrderSort (0ms)
			DisableScriptedObjects (6ms)
			BackupInstance (0ms)
			ReleaseScriptingObjects (0ms)
			CreateAndSetChildDomain (53ms)
		EndReloadAssembly (1139ms)
			LoadAssemblies (116ms)
			RebuildTransferFunctionScriptingTraits (0ms)
			SetupTypeCache (344ms)
			ReleaseScriptCaches (1ms)
			RebuildScriptCaches (49ms)
			SetupLoadedEditorAssemblies (432ms)
				LogAssemblyErrors (0ms)
				InitializePlatformSupportModulesInManaged (7ms)
				SetLoadedEditorAssemblies (1ms)
				RefreshPlugins (1ms)
				BeforeProcessingInitializeOnLoad (102ms)
				ProcessInitializeOnLoadAttributes (303ms)
				ProcessInitializeOnLoadMethodAttributes (5ms)
				AfterProcessingInitializeOnLoad (14ms)
				EditorAssembliesLoaded (0ms)
			ExecutionOrderSort2 (0ms)
			AwakeInstancesAfterBackupRestoration (49ms)
Platform modules already initialized, skipping
Refreshing native plugins compatible for Editor in 0.54 ms, found 3 plugins.
Preloading 0 native plugins for Editor in 0.00 ms.
Unloading 1933 Unused Serialized files (Serialized files now loaded: 0)
System memory in use before: 92.6 MB.
System memory in use after: 92.8 MB.

Unloading 14 unused Assets to reduce memory usage. Loaded Objects now: 2425.
Total: 5.573500 ms (FindLiveObjects: 0.245600 ms CreateObjectMapping: 0.153900 ms MarkObjects: 5.128500 ms  DeleteObjects: 0.043800 ms)

AssetImportParameters requested are different than current active one (requested -> active):
  custom:framework-win-MediaFoundation: 216162199b28c13a410421893ffa2e32 -> 
  custom:video-decoder-ogg-theora: a1e56fd34408186e4bbccfd4996cb3dc -> 
  custom:container-muxer-webm: aa71ff27fc2769a1b78a27578f13a17b -> 
  custom:container-demuxer-webm: 4f35f7cbe854078d1ac9338744f61a02 -> 
  custom:container-demuxer-ogg: 62fdf1f143b41e24485cea50d1cbac27 -> 
  custom:video-encoder-webm-vp8: eb34c28f22e8b96e1ab97ce403110664 -> 
  custom:video-decoder-webm-vp8: 9c59270c3fd7afecdb556c50c9e8de78 -> 
  custom:audio-decoder-ogg-vorbis: bf7c407c2cedff20999df2af8eb42d56 -> 
  custom:audio-encoder-webm-vorbis: bf7c407c2cedff20999df2af8eb42d56 -> 
========================================================================
Received Prepare
Registering precompiled user dll's ...
Registered in 0.004951 seconds.
Begin MonoManager ReloadAssembly
Native extension for WindowsStandalone target not found
Native extension for WebGL target not found
Refreshing native plugins compatible for Editor in 0.62 ms, found 3 plugins.
Preloading 0 native plugins for Editor in 0.00 ms.
Mono: successfully reloaded assembly
- Completed reload, in  1.398 seconds
Domain Reload Profiling:
	ReloadAssembly (1399ms)
		BeginReloadAssembly (174ms)
			ExecutionOrderSort (0ms)
			DisableScriptedObjects (5ms)
			BackupInstance (0ms)
			ReleaseScriptingObjects (0ms)
			CreateAndSetChildDomain (54ms)
		EndReloadAssembly (1123ms)
			LoadAssemblies (131ms)
			RebuildTransferFunctionScriptingTraits (0ms)
			SetupTypeCache (357ms)
			ReleaseScriptCaches (2ms)
			RebuildScriptCaches (46ms)
			SetupLoadedEditorAssemblies (467ms)
				LogAssemblyErrors (0ms)
				InitializePlatformSupportModulesInManaged (9ms)
				SetLoadedEditorAssemblies (1ms)
				RefreshPlugins (1ms)
				BeforeProcessingInitializeOnLoad (126ms)
				ProcessInitializeOnLoadAttributes (314ms)
				ProcessInitializeOnLoadMethodAttributes (5ms)
				AfterProcessingInitializeOnLoad (11ms)
				EditorAssembliesLoaded (0ms)
			ExecutionOrderSort2 (0ms)
			AwakeInstancesAfterBackupRestoration (10ms)
Platform modules already initialized, skipping
Refreshing native plugins compatible for Editor in 1.02 ms, found 3 plugins.
Preloading 0 native plugins for Editor in 0.00 ms.
Unloading 1933 Unused Serialized files (Serialized files now loaded: 0)
System memory in use before: 92.7 MB.
System memory in use after: 92.8 MB.

Unloading 14 unused Assets to reduce memory usage. Loaded Objects now: 2427.
Total: 2.383000 ms (FindLiveObjects: 0.185600 ms CreateObjectMapping: 0.072300 ms MarkObjects: 2.105600 ms  DeleteObjects: 0.018500 ms)

AssetImportParameters requested are different than current active one (requested -> active):
  custom:framework-win-MediaFoundation: 216162199b28c13a410421893ffa2e32 -> 
  custom:video-decoder-ogg-theora: a1e56fd34408186e4bbccfd4996cb3dc -> 
  custom:container-muxer-webm: aa71ff27fc2769a1b78a27578f13a17b -> 
  custom:container-demuxer-webm: 4f35f7cbe854078d1ac9338744f61a02 -> 
  custom:container-demuxer-ogg: 62fdf1f143b41e24485cea50d1cbac27 -> 
  custom:video-encoder-webm-vp8: eb34c28f22e8b96e1ab97ce403110664 -> 
  custom:video-decoder-webm-vp8: 9c59270c3fd7afecdb556c50c9e8de78 -> 
  custom:audio-decoder-ogg-vorbis: bf7c407c2cedff20999df2af8eb42d56 -> 
  custom:audio-encoder-webm-vorbis: bf7c407c2cedff20999df2af8eb42d56 -> 
========================================================================
Received Import Request.
  Time since last request: 266.554649 seconds.
  path: Packages/com.unity.ugui/Runtime/UnityEngine.UI.asmdef
  artifactKey: Guid(2bafac87e7f4b9b418d9448d219b01ab) Importer(815301076,1909f56bfc062723c751e8b465ee728b)
Start importing Packages/com.unity.ugui/Runtime/UnityEngine.UI.asmdef using Guid(2bafac87e7f4b9b418d9448d219b01ab) Importer(815301076,1909f56bfc062723c751e8b465ee728b)  -> (artifact id: '13113e9364e6a0fa363eadb8296f871e') in 0.014756 seconds 
  Import took 0.018994 seconds .

========================================================================
Received Import Request.
  Time since last request: 0.684006 seconds.
  path: Packages/com.unity.ugui/package.json
  artifactKey: Guid(319b8889f363f5947acf209c17a94149) Importer(815301076,1909f56bfc062723c751e8b465ee728b)
Start importing Packages/com.unity.ugui/package.json using Guid(319b8889f363f5947acf209c17a94149) Importer(815301076,1909f56bfc062723c751e8b465ee728b)  -> (artifact id: '39d1f12f0f4420a8b9dea50868bbb5d0') in 0.028954 seconds 
  Import took 0.035024 seconds .

========================================================================
Received Prepare
Registering precompiled user dll's ...
Registered in 0.005260 seconds.
Begin MonoManager ReloadAssembly
Native extension for WindowsStandalone target not found
Native extension for WebGL target not found
Refreshing native plugins compatible for Editor in 0.47 ms, found 3 plugins.
Preloading 0 native plugins for Editor in 0.00 ms.
Mono: successfully reloaded assembly
- Completed reload, in  1.287 seconds
Domain Reload Profiling:
	ReloadAssembly (1288ms)
		BeginReloadAssembly (144ms)
			ExecutionOrderSort (0ms)
			DisableScriptedObjects (5ms)
			BackupInstance (0ms)
			ReleaseScriptingObjects (0ms)
			CreateAndSetChildDomain (43ms)
		EndReloadAssembly (1065ms)
			LoadAssemblies (127ms)
			RebuildTransferFunctionScriptingTraits (0ms)
			SetupTypeCache (394ms)
			ReleaseScriptCaches (1ms)
			RebuildScriptCaches (49ms)
			SetupLoadedEditorAssemblies (394ms)
				LogAssemblyErrors (0ms)
				InitializePlatformSupportModulesInManaged (7ms)
				SetLoadedEditorAssemblies (0ms)
				RefreshPlugins (1ms)
				BeforeProcessingInitializeOnLoad (98ms)
				ProcessInitializeOnLoadAttributes (272ms)
				ProcessInitializeOnLoadMethodAttributes (4ms)
				AfterProcessingInitializeOnLoad (12ms)
				EditorAssembliesLoaded (0ms)
			ExecutionOrderSort2 (0ms)
			AwakeInstancesAfterBackupRestoration (10ms)
Platform modules already initialized, skipping
Refreshing native plugins compatible for Editor in 0.47 ms, found 3 plugins.
Preloading 0 native plugins for Editor in 0.00 ms.
Unloading 1933 Unused Serialized files (Serialized files now loaded: 0)
System memory in use before: 92.7 MB.
System memory in use after: 92.8 MB.

Unloading 14 unused Assets to reduce memory usage. Loaded Objects now: 2429.
Total: 2.273400 ms (FindLiveObjects: 0.227700 ms CreateObjectMapping: 0.074300 ms MarkObjects: 1.949600 ms  DeleteObjects: 0.016300 ms)

AssetImportParameters requested are different than current active one (requested -> active):
  custom:framework-win-MediaFoundation: 216162199b28c13a410421893ffa2e32 -> 
  custom:video-decoder-ogg-theora: a1e56fd34408186e4bbccfd4996cb3dc -> 
  custom:container-muxer-webm: aa71ff27fc2769a1b78a27578f13a17b -> 
  custom:container-demuxer-webm: 4f35f7cbe854078d1ac9338744f61a02 -> 
  custom:container-demuxer-ogg: 62fdf1f143b41e24485cea50d1cbac27 -> 
  custom:video-encoder-webm-vp8: eb34c28f22e8b96e1ab97ce403110664 -> 
  custom:video-decoder-webm-vp8: 9c59270c3fd7afecdb556c50c9e8de78 -> 
  custom:audio-decoder-ogg-vorbis: bf7c407c2cedff20999df2af8eb42d56 -> 
  custom:audio-encoder-webm-vorbis: bf7c407c2cedff20999df2af8eb42d56 -> 
========================================================================
Received Prepare
Registering precompiled user dll's ...
Registered in 0.005056 seconds.
Begin MonoManager ReloadAssembly
Native extension for WindowsStandalone target not found
Native extension for WebGL target not found
Refreshing native plugins compatible for Editor in 0.55 ms, found 3 plugins.
Preloading 0 native plugins for Editor in 0.00 ms.
Mono: successfully reloaded assembly
- Completed reload, in  1.372 seconds
Domain Reload Profiling:
	ReloadAssembly (1372ms)
		BeginReloadAssembly (134ms)
			ExecutionOrderSort (0ms)
			DisableScriptedObjects (7ms)
			BackupInstance (0ms)
			ReleaseScriptingObjects (0ms)
			CreateAndSetChildDomain (42ms)
		EndReloadAssembly (1157ms)
			LoadAssemblies (128ms)
			RebuildTransferFunctionScriptingTraits (0ms)
			SetupTypeCache (353ms)
			ReleaseScriptCaches (1ms)
			RebuildScriptCaches (45ms)
			SetupLoadedEditorAssemblies (503ms)
				LogAssemblyErrors (0ms)
				InitializePlatformSupportModulesInManaged (7ms)
				SetLoadedEditorAssemblies (1ms)
				RefreshPlugins (1ms)
				BeforeProcessingInitializeOnLoad (197ms)
				ProcessInitializeOnLoadAttributes (281ms)
				ProcessInitializeOnLoadMethodAttributes (6ms)
				AfterProcessingInitializeOnLoad (12ms)
				EditorAssembliesLoaded (0ms)
			ExecutionOrderSort2 (0ms)
			AwakeInstancesAfterBackupRestoration (11ms)
Platform modules already initialized, skipping
Refreshing native plugins compatible for Editor in 0.47 ms, found 3 plugins.
Preloading 0 native plugins for Editor in 0.00 ms.
Unloading 1933 Unused Serialized files (Serialized files now loaded: 0)
System memory in use before: 92.7 MB.
System memory in use after: 92.8 MB.

Unloading 14 unused Assets to reduce memory usage. Loaded Objects now: 2431.
Total: 2.754400 ms (FindLiveObjects: 0.240400 ms CreateObjectMapping: 0.149900 ms MarkObjects: 2.336000 ms  DeleteObjects: 0.027200 ms)

AssetImportParameters requested are different than current active one (requested -> active):
  custom:framework-win-MediaFoundation: 216162199b28c13a410421893ffa2e32 -> 
  custom:video-decoder-ogg-theora: a1e56fd34408186e4bbccfd4996cb3dc -> 
  custom:container-muxer-webm: aa71ff27fc2769a1b78a27578f13a17b -> 
  custom:container-demuxer-webm: 4f35f7cbe854078d1ac9338744f61a02 -> 
  custom:container-demuxer-ogg: 62fdf1f143b41e24485cea50d1cbac27 -> 
  custom:video-encoder-webm-vp8: eb34c28f22e8b96e1ab97ce403110664 -> 
  custom:video-decoder-webm-vp8: 9c59270c3fd7afecdb556c50c9e8de78 -> 
  custom:audio-decoder-ogg-vorbis: bf7c407c2cedff20999df2af8eb42d56 -> 
  custom:audio-encoder-webm-vorbis: bf7c407c2cedff20999df2af8eb42d56 -> 
========================================================================
Received Import Request.
  Time since last request: 342.874293 seconds.
  path: Assets/Music
  artifactKey: Guid(e69d3153ddd8dc848a6e01ac7c10ebbd) Importer(815301076,1909f56bfc062723c751e8b465ee728b)
Start importing Assets/Music using Guid(e69d3153ddd8dc848a6e01ac7c10ebbd) Importer(815301076,1909f56bfc062723c751e8b465ee728b)  -> (artifact id: 'a9082a2df2e469f10b66e9d58d69d84f') in 0.015537 seconds 
  Import took 0.020818 seconds .

========================================================================
Received Import Request.
  Time since last request: 0.001101 seconds.
  path: Assets/Music
  artifactKey: Guid(e69d3153ddd8dc848a6e01ac7c10ebbd) Importer(815301076,1909f56bfc062723c751e8b465ee728b)
Start importing Assets/Music using Guid(e69d3153ddd8dc848a6e01ac7c10ebbd) Importer(815301076,1909f56bfc062723c751e8b465ee728b)  -> (artifact id: 'a9082a2df2e469f10b66e9d58d69d84f') in 0.005057 seconds 
  Import took 0.009524 seconds .

========================================================================
Received Import Request.
  Time since last request: 0.019599 seconds.
  path: Assets/Music/[YTHUB.CC] Kevin MacLeod _ In the Hall of the Mountain King original composer Edvard Grieg-320k.mp3
  artifactKey: Guid(0b9ddaf566fe8b5439bc3130c04d2da2) Importer(815301076,1909f56bfc062723c751e8b465ee728b)
Start importing Assets/Music/[YTHUB.CC] Kevin MacLeod _ In the Hall of the Mountain King original composer Edvard Grieg-320k.mp3 using Guid(0b9ddaf566fe8b5439bc3130c04d2da2) Importer(815301076,1909f56bfc062723c751e8b465ee728b)  -> (artifact id: '3bc2d0b7d344dc7308e440d61997a19d') in 0.085598 seconds 
  Import took 0.090235 seconds .

========================================================================
Received Import Request.
  Time since last request: 0.000190 seconds.
  path: Assets/Music/mENU.mp3
  artifactKey: Guid(8e8b4072c55583246866f1cf77373218) Importer(815301076,1909f56bfc062723c751e8b465ee728b)
Start importing Assets/Music/mENU.mp3 using Guid(8e8b4072c55583246866f1cf77373218) Importer(815301076,1909f56bfc062723c751e8b465ee728b)  -> (artifact id: '989a782fa10cb17716310b07766a6c29') in 0.022438 seconds 
  Import took 0.027371 seconds .

========================================================================
Received Import Request.
  Time since last request: 0.000206 seconds.
  path: Assets/Music/music_jewels.ogg
  artifactKey: Guid(c64d278b85d16674eb21ff5db673ec05) Importer(815301076,1909f56bfc062723c751e8b465ee728b)
Start importing Assets/Music/music_jewels.ogg using Guid(c64d278b85d16674eb21ff5db673ec05) Importer(815301076,1909f56bfc062723c751e8b465ee728b)  -> (artifact id: '61612b1e91eaeac54f7c7358d538376a') in 0.027095 seconds 
  Import took 0.030970 seconds .

========================================================================
Received Import Request.
  Time since last request: 0.000181 seconds.
  path: Assets/Music/yt1s.com - Geometry Dash  Practice Mode  Stay Inside Me  Soundtrack.mp3
  artifactKey: Guid(8c95a9ab1a5e0a14f9fd26072503a6f5) Importer(815301076,1909f56bfc062723c751e8b465ee728b)
Start importing Assets/Music/yt1s.com - Geometry Dash  Practice Mode  Stay Inside Me  Soundtrack.mp3 using Guid(8c95a9ab1a5e0a14f9fd26072503a6f5) Importer(815301076,1909f56bfc062723c751e8b465ee728b)  -> (artifact id: '0587d0597ba95b6801d7c7e62ffb3f5b') in 0.017157 seconds 
  Import took 0.021996 seconds .

========================================================================
Received Import Request.
  Time since last request: 0.000081 seconds.
  path: Assets/Music/CrEEP.mp3
  artifactKey: Guid(5e135a95bd7302b44800043f76e90095) Importer(815301076,1909f56bfc062723c751e8b465ee728b)
Start importing Assets/Music/CrEEP.mp3 using Guid(5e135a95bd7302b44800043f76e90095) Importer(815301076,1909f56bfc062723c751e8b465ee728b)  -> (artifact id: 'aec44067786a8d12cb946265185da1eb') in 0.017698 seconds 
  Import took 0.022088 seconds .

========================================================================
Received Import Request.
  Time since last request: 0.000231 seconds.
  path: Assets/Music/Factory.ogg
  artifactKey: Guid(5886c1cbe4ea2694088fa450f3cd45a5) Importer(815301076,1909f56bfc062723c751e8b465ee728b)
Start importing Assets/Music/Factory.ogg using Guid(5886c1cbe4ea2694088fa450f3cd45a5) Importer(815301076,1909f56bfc062723c751e8b465ee728b)  -> (artifact id: '3d12d2d8d69b8b578ea29fe20dcb52d2') in 0.018002 seconds 
  Import took 0.022305 seconds .

========================================================================
Received Import Request.
  Time since last request: 0.000207 seconds.
  path: Assets/Music/[YTHUB.CC] Sneaky Snitch (Kevin MacLeod) - Gaming Background Music (HD)-320k (1).mp3
  artifactKey: Guid(8191bafe165f6de488a3c37986418aac) Importer(815301076,1909f56bfc062723c751e8b465ee728b)
Start importing Assets/Music/[YTHUB.CC] Sneaky Snitch (Kevin MacLeod) - Gaming Background Music (HD)-320k (1).mp3 using Guid(8191bafe165f6de488a3c37986418aac) Importer(815301076,1909f56bfc062723c751e8b465ee728b)  -> (artifact id: '67e9ceab4da064fdab59193ca460f939') in 0.020089 seconds 
  Import took 0.024612 seconds .

========================================================================
Received Import Request.
  Time since last request: 20.591333 seconds.
  path: Assets/Music/Flies.wav
  artifactKey: Guid(c1cfbda873f371747b382d97b01bb91a) Importer(815301076,1909f56bfc062723c751e8b465ee728b)
Start importing Assets/Music/Flies.wav using Guid(c1cfbda873f371747b382d97b01bb91a) Importer(815301076,1909f56bfc062723c751e8b465ee728b)  -> (artifact id: 'c70f786587c6350e3c7c0bfa2dec7bd3') in 0.021390 seconds 
  Import took 0.028227 seconds .

========================================================================
Received Prepare
Registering precompiled user dll's ...
Registered in 0.005166 seconds.
Begin MonoManager ReloadAssembly
Native extension for WindowsStandalone target not found
Native extension for WebGL target not found
Refreshing native plugins compatible for Editor in 0.77 ms, found 3 plugins.
Preloading 0 native plugins for Editor in 0.00 ms.
Mono: successfully reloaded assembly
- Completed reload, in  1.436 seconds
Domain Reload Profiling:
	ReloadAssembly (1436ms)
		BeginReloadAssembly (183ms)
			ExecutionOrderSort (0ms)
			DisableScriptedObjects (7ms)
			BackupInstance (0ms)
			ReleaseScriptingObjects (0ms)
			CreateAndSetChildDomain (76ms)
		EndReloadAssembly (1165ms)
			LoadAssemblies (140ms)
			RebuildTransferFunctionScriptingTraits (0ms)
			SetupTypeCache (362ms)
			ReleaseScriptCaches (1ms)
			RebuildScriptCaches (47ms)
			SetupLoadedEditorAssemblies (465ms)
				LogAssemblyErrors (0ms)
				InitializePlatformSupportModulesInManaged (9ms)
				SetLoadedEditorAssemblies (1ms)
				RefreshPlugins (1ms)
				BeforeProcessingInitializeOnLoad (116ms)
				ProcessInitializeOnLoadAttributes (321ms)
				ProcessInitializeOnLoadMethodAttributes (5ms)
				AfterProcessingInitializeOnLoad (12ms)
				EditorAssembliesLoaded (0ms)
			ExecutionOrderSort2 (0ms)
			AwakeInstancesAfterBackupRestoration (10ms)
Platform modules already initialized, skipping
Refreshing native plugins compatible for Editor in 0.57 ms, found 3 plugins.
Preloading 0 native plugins for Editor in 0.00 ms.
Unloading 1933 Unused Serialized files (Serialized files now loaded: 0)
System memory in use before: 92.8 MB.
System memory in use after: 92.9 MB.

Unloading 14 unused Assets to reduce memory usage. Loaded Objects now: 2436.
Total: 2.148900 ms (FindLiveObjects: 0.184300 ms CreateObjectMapping: 0.072300 ms MarkObjects: 1.872800 ms  DeleteObjects: 0.018300 ms)

AssetImportParameters requested are different than current active one (requested -> active):
  custom:framework-win-MediaFoundation: 216162199b28c13a410421893ffa2e32 -> 
  custom:video-decoder-ogg-theora: a1e56fd34408186e4bbccfd4996cb3dc -> 
  custom:container-muxer-webm: aa71ff27fc2769a1b78a27578f13a17b -> 
  custom:container-demuxer-webm: 4f35f7cbe854078d1ac9338744f61a02 -> 
  custom:container-demuxer-ogg: 62fdf1f143b41e24485cea50d1cbac27 -> 
  custom:video-encoder-webm-vp8: eb34c28f22e8b96e1ab97ce403110664 -> 
  custom:video-decoder-webm-vp8: 9c59270c3fd7afecdb556c50c9e8de78 -> 
  custom:audio-decoder-ogg-vorbis: bf7c407c2cedff20999df2af8eb42d56 -> 
  custom:audio-encoder-webm-vorbis: bf7c407c2cedff20999df2af8eb42d56 -> 
========================================================================
Received Import Request.
  Time since last request: 318.101582 seconds.
  path: Assets/Scenes/Minijuego-Minerales.unity
  artifactKey: Guid(2cda990e2423bbf4892e6590ba056729) Importer(815301076,1909f56bfc062723c751e8b465ee728b)
Start importing Assets/Scenes/Minijuego-Minerales.unity using Guid(2cda990e2423bbf4892e6590ba056729) Importer(815301076,1909f56bfc062723c751e8b465ee728b)  -> (artifact id: 'e6009668f391d37ce6b24f1f969a0add') in 0.027723 seconds 
  Import took 0.033926 seconds .

========================================================================
Received Prepare
Registering precompiled user dll's ...
Registered in 0.010632 seconds.
Begin MonoManager ReloadAssembly
Native extension for WindowsStandalone target not found
Native extension for WebGL target not found
Refreshing native plugins compatible for Editor in 0.50 ms, found 3 plugins.
Preloading 0 native plugins for Editor in 0.00 ms.
Mono: successfully reloaded assembly
- Completed reload, in  1.411 seconds
Domain Reload Profiling:
	ReloadAssembly (1411ms)
		BeginReloadAssembly (174ms)
			ExecutionOrderSort (0ms)
			DisableScriptedObjects (7ms)
			BackupInstance (0ms)
			ReleaseScriptingObjects (0ms)
			CreateAndSetChildDomain (44ms)
		EndReloadAssembly (1085ms)
			LoadAssemblies (148ms)
			RebuildTransferFunctionScriptingTraits (0ms)
			SetupTypeCache (372ms)
			ReleaseScriptCaches (1ms)
			RebuildScriptCaches (53ms)
			SetupLoadedEditorAssemblies (404ms)
				LogAssemblyErrors (0ms)
				InitializePlatformSupportModulesInManaged (8ms)
				SetLoadedEditorAssemblies (1ms)
				RefreshPlugins (1ms)
				BeforeProcessingInitializeOnLoad (105ms)
				ProcessInitializeOnLoadAttributes (274ms)
				ProcessInitializeOnLoadMethodAttributes (5ms)
				AfterProcessingInitializeOnLoad (12ms)
				EditorAssembliesLoaded (0ms)
			ExecutionOrderSort2 (0ms)
			AwakeInstancesAfterBackupRestoration (11ms)
Platform modules already initialized, skipping
Refreshing native plugins compatible for Editor in 0.48 ms, found 3 plugins.
Preloading 0 native plugins for Editor in 0.00 ms.
Unloading 1933 Unused Serialized files (Serialized files now loaded: 0)
System memory in use before: 92.8 MB.
System memory in use after: 92.9 MB.

Unloading 14 unused Assets to reduce memory usage. Loaded Objects now: 2438.
Total: 3.267600 ms (FindLiveObjects: 0.643600 ms CreateObjectMapping: 0.117400 ms MarkObjects: 2.475700 ms  DeleteObjects: 0.029200 ms)

AssetImportParameters requested are different than current active one (requested -> active):
  custom:framework-win-MediaFoundation: 216162199b28c13a410421893ffa2e32 -> 
  custom:video-decoder-ogg-theora: a1e56fd34408186e4bbccfd4996cb3dc -> 
  custom:container-muxer-webm: aa71ff27fc2769a1b78a27578f13a17b -> 
  custom:container-demuxer-webm: 4f35f7cbe854078d1ac9338744f61a02 -> 
  custom:container-demuxer-ogg: 62fdf1f143b41e24485cea50d1cbac27 -> 
  custom:video-encoder-webm-vp8: eb34c28f22e8b96e1ab97ce403110664 -> 
  custom:video-decoder-webm-vp8: 9c59270c3fd7afecdb556c50c9e8de78 -> 
  custom:audio-decoder-ogg-vorbis: bf7c407c2cedff20999df2af8eb42d56 -> 
  custom:audio-encoder-webm-vorbis: bf7c407c2cedff20999df2af8eb42d56 -> 
========================================================================
Received Prepare
Registering precompiled user dll's ...
Registered in 0.006223 seconds.
Begin MonoManager ReloadAssembly
Native extension for WindowsStandalone target not found
Native extension for WebGL target not found
Refreshing native plugins compatible for Editor in 0.84 ms, found 3 plugins.
Preloading 0 native plugins for Editor in 0.00 ms.
Mono: successfully reloaded assembly
- Completed reload, in  1.668 seconds
Domain Reload Profiling:
	ReloadAssembly (1669ms)
		BeginReloadAssembly (206ms)
			ExecutionOrderSort (0ms)
			DisableScriptedObjects (7ms)
			BackupInstance (0ms)
			ReleaseScriptingObjects (0ms)
			CreateAndSetChildDomain (61ms)
		EndReloadAssembly (1345ms)
			LoadAssemblies (181ms)
			RebuildTransferFunctionScriptingTraits (0ms)
			SetupTypeCache (456ms)
			ReleaseScriptCaches (1ms)
			RebuildScriptCaches (59ms)
			SetupLoadedEditorAssemblies (473ms)
				LogAssemblyErrors (0ms)
				InitializePlatformSupportModulesInManaged (8ms)
				SetLoadedEditorAssemblies (0ms)
				RefreshPlugins (1ms)
				BeforeProcessingInitializeOnLoad (121ms)
				ProcessInitializeOnLoadAttributes (314ms)
				ProcessInitializeOnLoadMethodAttributes (10ms)
				AfterProcessingInitializeOnLoad (17ms)
				EditorAssembliesLoaded (0ms)
			ExecutionOrderSort2 (0ms)
			AwakeInstancesAfterBackupRestoration (17ms)
Platform modules already initialized, skipping
Refreshing native plugins compatible for Editor in 1.22 ms, found 3 plugins.
Preloading 0 native plugins for Editor in 0.00 ms.
Unloading 1933 Unused Serialized files (Serialized files now loaded: 0)
System memory in use before: 92.8 MB.
System memory in use after: 92.9 MB.

Unloading 14 unused Assets to reduce memory usage. Loaded Objects now: 2440.
Total: 3.901800 ms (FindLiveObjects: 0.443200 ms CreateObjectMapping: 0.232900 ms MarkObjects: 3.205000 ms  DeleteObjects: 0.019500 ms)

AssetImportParameters requested are different than current active one (requested -> active):
  custom:framework-win-MediaFoundation: 216162199b28c13a410421893ffa2e32 -> 
  custom:video-decoder-ogg-theora: a1e56fd34408186e4bbccfd4996cb3dc -> 
  custom:container-muxer-webm: aa71ff27fc2769a1b78a27578f13a17b -> 
  custom:container-demuxer-webm: 4f35f7cbe854078d1ac9338744f61a02 -> 
  custom:container-demuxer-ogg: 62fdf1f143b41e24485cea50d1cbac27 -> 
  custom:video-encoder-webm-vp8: eb34c28f22e8b96e1ab97ce403110664 -> 
  custom:video-decoder-webm-vp8: 9c59270c3fd7afecdb556c50c9e8de78 -> 
  custom:audio-decoder-ogg-vorbis: bf7c407c2cedff20999df2af8eb42d56 -> 
  custom:audio-encoder-webm-vorbis: bf7c407c2cedff20999df2af8eb42d56 -> 
========================================================================
Received Import Request.
  Time since last request: 421.890265 seconds.
  path: Assets/Scenes/CazaMoscas.unity
  artifactKey: Guid(fa87561c38ee6234cab37defb2738615) Importer(815301076,1909f56bfc062723c751e8b465ee728b)
Start importing Assets/Scenes/CazaMoscas.unity using Guid(fa87561c38ee6234cab37defb2738615) Importer(815301076,1909f56bfc062723c751e8b465ee728b)  -> (artifact id: '24299b62f82e1118d295cf9ebb338881') in 0.019069 seconds 
  Import took 0.023434 seconds .

========================================================================
Received Import Request.
  Time since last request: 8.825568 seconds.
  path: Assets/Scenes/EscenaCarlos.unity
  artifactKey: Guid(f23ddd1d47a0f2e42817b265c1b43a82) Importer(815301076,1909f56bfc062723c751e8b465ee728b)
Start importing Assets/Scenes/EscenaCarlos.unity using Guid(f23ddd1d47a0f2e42817b265c1b43a82) Importer(815301076,1909f56bfc062723c751e8b465ee728b)  -> (artifact id: 'b39a27d706112ede889410c380398ec6') in 0.008340 seconds 
  Import took 0.013283 seconds .

========================================================================
Received Import Request.
  Time since last request: 28.788663 seconds.
  path: Assets/Scenes/FinalDemo.unity
  artifactKey: Guid(face867175d52ca4298df3dc995d05dd) Importer(815301076,1909f56bfc062723c751e8b465ee728b)
Start importing Assets/Scenes/FinalDemo.unity using Guid(face867175d52ca4298df3dc995d05dd) Importer(815301076,1909f56bfc062723c751e8b465ee728b)  -> (artifact id: '9bfda152556603a5edc9e19f5e78527a') in 0.008292 seconds 
  Import took 0.012942 seconds .

========================================================================
Received Import Request.
  Time since last request: 17.371086 seconds.
  path: Assets/Scenes/Level1.unity
  artifactKey: Guid(898d9530e2a9aed48bf6396f1e7be1b2) Importer(815301076,1909f56bfc062723c751e8b465ee728b)
Start importing Assets/Scenes/Level1.unity using Guid(898d9530e2a9aed48bf6396f1e7be1b2) Importer(815301076,1909f56bfc062723c751e8b465ee728b)  -> (artifact id: 'e79a759eb1cf506423945783d000804c') in 0.008594 seconds 
  Import took 0.014538 seconds .

========================================================================
Received Import Request.
  Time since last request: 0.000548 seconds.
  path: Assets/Scenes/Level1.unity
  artifactKey: Guid(898d9530e2a9aed48bf6396f1e7be1b2) Importer(815301076,1909f56bfc062723c751e8b465ee728b)
Start importing Assets/Scenes/Level1.unity using Guid(898d9530e2a9aed48bf6396f1e7be1b2) Importer(815301076,1909f56bfc062723c751e8b465ee728b)  -> (artifact id: 'e79a759eb1cf506423945783d000804c') in 0.003694 seconds 
  Import took 0.009029 seconds .

========================================================================
Received Import Request.
  Time since last request: 7.068145 seconds.
  path: Assets/Scenes/Level2.unity
  artifactKey: Guid(9f8ac052fce6b0946a454a8572aecbdc) Importer(815301076,1909f56bfc062723c751e8b465ee728b)
Start importing Assets/Scenes/Level2.unity using Guid(9f8ac052fce6b0946a454a8572aecbdc) Importer(815301076,1909f56bfc062723c751e8b465ee728b)  -> (artifact id: '0ac8dd3f5a3406dcddaf815e511f22ee') in 0.010588 seconds 
  Import took 0.015414 seconds .

========================================================================
Received Import Request.
  Time since last request: 18.145946 seconds.
  path: Assets/Scenes/Level3.unity
  artifactKey: Guid(47ff4f7dbf5e525478406e33ea3bbe6d) Importer(815301076,1909f56bfc062723c751e8b465ee728b)
Start importing Assets/Scenes/Level3.unity using Guid(47ff4f7dbf5e525478406e33ea3bbe6d) Importer(815301076,1909f56bfc062723c751e8b465ee728b)  -> (artifact id: '2f52f3229cee5ce6fd32ab730c16ccdf') in 0.010345 seconds 
  Import took 0.014272 seconds .

========================================================================
Received Import Request.
  Time since last request: 11.037360 seconds.
  path: Assets/Scenes/MinijuegoTuberias.unity
  artifactKey: Guid(f8b047d3711a2c54cb79fc806872f96a) Importer(815301076,1909f56bfc062723c751e8b465ee728b)
Start importing Assets/Scenes/MinijuegoTuberias.unity using Guid(f8b047d3711a2c54cb79fc806872f96a) Importer(815301076,1909f56bfc062723c751e8b465ee728b)  -> (artifact id: 'd93db2539b8a95e612b3bb12cccbdd43') in 0.008467 seconds 
  Import took 0.013491 seconds .

========================================================================
Received Import Request.
  Time since last request: 0.001505 seconds.
  path: Assets/Scenes/MinijuegoTuberias.unity
  artifactKey: Guid(f8b047d3711a2c54cb79fc806872f96a) Importer(815301076,1909f56bfc062723c751e8b465ee728b)
Start importing Assets/Scenes/MinijuegoTuberias.unity using Guid(f8b047d3711a2c54cb79fc806872f96a) Importer(815301076,1909f56bfc062723c751e8b465ee728b)  -> (artifact id: 'd93db2539b8a95e612b3bb12cccbdd43') in 0.004284 seconds 
  Import took 0.009622 seconds .

========================================================================
Received Import Request.
  Time since last request: 8.790953 seconds.
  path: Assets/Scenes/Scene1.unity
  artifactKey: Guid(d5751ec3a92c62b43ab47f5e2b62a68e) Importer(815301076,1909f56bfc062723c751e8b465ee728b)
Start importing Assets/Scenes/Scene1.unity using Guid(d5751ec3a92c62b43ab47f5e2b62a68e) Importer(815301076,1909f56bfc062723c751e8b465ee728b)  -> (artifact id: '2c38839f358ff782f0b479aff30ceb87') in 0.008312 seconds 
  Import took 0.013892 seconds .

========================================================================
Received Import Request.
  Time since last request: 15.228073 seconds.
  path: Assets/Scenes/SistemaDialogos.unity
  artifactKey: Guid(3315715c1c51e4149b44ba6833831862) Importer(815301076,1909f56bfc062723c751e8b465ee728b)
Start importing Assets/Scenes/SistemaDialogos.unity using Guid(3315715c1c51e4149b44ba6833831862) Importer(815301076,1909f56bfc062723c751e8b465ee728b)  -> (artifact id: '48a42e8e63979c1ec66e3d316901802a') in 0.010673 seconds 
  Import took 0.027581 seconds .

========================================================================
Received Prepare
Registering precompiled user dll's ...
Registered in 0.005229 seconds.
Begin MonoManager ReloadAssembly
Native extension for WindowsStandalone target not found
Native extension for WebGL target not found
Refreshing native plugins compatible for Editor in 0.50 ms, found 3 plugins.
Preloading 0 native plugins for Editor in 0.00 ms.
Mono: successfully reloaded assembly
- Completed reload, in  1.301 seconds
Domain Reload Profiling:
	ReloadAssembly (1301ms)
		BeginReloadAssembly (143ms)
			ExecutionOrderSort (0ms)
			DisableScriptedObjects (6ms)
			BackupInstance (0ms)
			ReleaseScriptingObjects (0ms)
			CreateAndSetChildDomain (41ms)
		EndReloadAssembly (1075ms)
			LoadAssemblies (118ms)
			RebuildTransferFunctionScriptingTraits (0ms)
			SetupTypeCache (368ms)
			ReleaseScriptCaches (1ms)
			RebuildScriptCaches (52ms)
			SetupLoadedEditorAssemblies (388ms)
				LogAssemblyErrors (0ms)
				InitializePlatformSupportModulesInManaged (9ms)
				SetLoadedEditorAssemblies (1ms)
				RefreshPlugins (1ms)
				BeforeProcessingInitializeOnLoad (104ms)
				ProcessInitializeOnLoadAttributes (255ms)
				ProcessInitializeOnLoadMethodAttributes (5ms)
				AfterProcessingInitializeOnLoad (13ms)
				EditorAssembliesLoaded (0ms)
			ExecutionOrderSort2 (0ms)
			AwakeInstancesAfterBackupRestoration (13ms)
Platform modules already initialized, skipping
Refreshing native plugins compatible for Editor in 0.46 ms, found 3 plugins.
Preloading 0 native plugins for Editor in 0.00 ms.
Unloading 1933 Unused Serialized files (Serialized files now loaded: 0)
System memory in use before: 92.8 MB.
System memory in use after: 93.0 MB.

Unloading 14 unused Assets to reduce memory usage. Loaded Objects now: 2442.
Total: 2.714100 ms (FindLiveObjects: 0.241900 ms CreateObjectMapping: 0.096500 ms MarkObjects: 2.354700 ms  DeleteObjects: 0.019900 ms)

AssetImportParameters requested are different than current active one (requested -> active):
  custom:framework-win-MediaFoundation: 216162199b28c13a410421893ffa2e32 -> 
  custom:video-decoder-ogg-theora: a1e56fd34408186e4bbccfd4996cb3dc -> 
  custom:container-muxer-webm: aa71ff27fc2769a1b78a27578f13a17b -> 
  custom:container-demuxer-webm: 4f35f7cbe854078d1ac9338744f61a02 -> 
  custom:container-demuxer-ogg: 62fdf1f143b41e24485cea50d1cbac27 -> 
  custom:video-encoder-webm-vp8: eb34c28f22e8b96e1ab97ce403110664 -> 
  custom:video-decoder-webm-vp8: 9c59270c3fd7afecdb556c50c9e8de78 -> 
  custom:audio-decoder-ogg-vorbis: bf7c407c2cedff20999df2af8eb42d56 -> 
  custom:audio-encoder-webm-vorbis: bf7c407c2cedff20999df2af8eb42d56 -> 
========================================================================
Received Import Request.
  Time since last request: 750.105000 seconds.
  path: Assets/Music/Pickaxe.m4a
  artifactKey: Guid(dad470d17fb859840a3417ee312c839f) Importer(815301076,1909f56bfc062723c751e8b465ee728b)
Start importing Assets/Music/Pickaxe.m4a using Guid(dad470d17fb859840a3417ee312c839f) Importer(815301076,1909f56bfc062723c751e8b465ee728b)  -> (artifact id: '172f48f4fbebbdb17955a7221b7a0cf8') in 0.028262 seconds 
  Import took 0.034129 seconds .

========================================================================
Received Import Request.
  Time since last request: 56.767341 seconds.
  path: Assets/Music/Pickaxe.wav
  artifactKey: Guid(8c3d49367db9cc94dad79d112595a476) Importer(815301076,1909f56bfc062723c751e8b465ee728b)
Start importing Assets/Music/Pickaxe.wav using Guid(8c3d49367db9cc94dad79d112595a476) Importer(815301076,1909f56bfc062723c751e8b465ee728b)  -> (artifact id: '82fb9830a3a194599f4968186a892d0c') in 0.051137 seconds 
  Import took 0.058394 seconds .

========================================================================
Received Prepare
Registering precompiled user dll's ...
Registered in 0.005412 seconds.
Begin MonoManager ReloadAssembly
Native extension for WindowsStandalone target not found
Native extension for WebGL target not found
Refreshing native plugins compatible for Editor in 0.47 ms, found 3 plugins.
Preloading 0 native plugins for Editor in 0.00 ms.
Mono: successfully reloaded assembly
- Completed reload, in  1.320 seconds
Domain Reload Profiling:
	ReloadAssembly (1321ms)
		BeginReloadAssembly (156ms)
			ExecutionOrderSort (0ms)
			DisableScriptedObjects (6ms)
			BackupInstance (0ms)
			ReleaseScriptingObjects (0ms)
			CreateAndSetChildDomain (38ms)
		EndReloadAssembly (1073ms)
			LoadAssemblies (126ms)
			RebuildTransferFunctionScriptingTraits (0ms)
			SetupTypeCache (405ms)
			ReleaseScriptCaches (1ms)
			RebuildScriptCaches (49ms)
			SetupLoadedEditorAssemblies (382ms)
				LogAssemblyErrors (0ms)
				InitializePlatformSupportModulesInManaged (10ms)
				SetLoadedEditorAssemblies (0ms)
				RefreshPlugins (1ms)
				BeforeProcessingInitializeOnLoad (102ms)
				ProcessInitializeOnLoadAttributes (253ms)
				ProcessInitializeOnLoadMethodAttributes (5ms)
				AfterProcessingInitializeOnLoad (11ms)
				EditorAssembliesLoaded (0ms)
			ExecutionOrderSort2 (0ms)
			AwakeInstancesAfterBackupRestoration (12ms)
Platform modules already initialized, skipping
Refreshing native plugins compatible for Editor in 0.50 ms, found 3 plugins.
Preloading 0 native plugins for Editor in 0.00 ms.
Unloading 1933 Unused Serialized files (Serialized files now loaded: 0)
System memory in use before: 92.9 MB.
System memory in use after: 93.0 MB.

Unloading 14 unused Assets to reduce memory usage. Loaded Objects now: 2445.
Total: 9.365100 ms (FindLiveObjects: 3.129400 ms CreateObjectMapping: 0.616300 ms MarkObjects: 5.588600 ms  DeleteObjects: 0.028200 ms)

AssetImportParameters requested are different than current active one (requested -> active):
  custom:framework-win-MediaFoundation: 216162199b28c13a410421893ffa2e32 -> 
  custom:video-decoder-ogg-theora: a1e56fd34408186e4bbccfd4996cb3dc -> 
  custom:container-muxer-webm: aa71ff27fc2769a1b78a27578f13a17b -> 
  custom:container-demuxer-webm: 4f35f7cbe854078d1ac9338744f61a02 -> 
  custom:container-demuxer-ogg: 62fdf1f143b41e24485cea50d1cbac27 -> 
  custom:video-encoder-webm-vp8: eb34c28f22e8b96e1ab97ce403110664 -> 
  custom:video-decoder-webm-vp8: 9c59270c3fd7afecdb556c50c9e8de78 -> 
  custom:audio-decoder-ogg-vorbis: bf7c407c2cedff20999df2af8eb42d56 -> 
  custom:audio-encoder-webm-vorbis: bf7c407c2cedff20999df2af8eb42d56 -> 
AssetImportWorkerClient::OnTransportError - code=2 error=End of file
